2014/07/18 10:08:46 [error] [exception.CDbException] exception 'CDbException' with message 'CDbConnection failed to open the DB connection: could not find driver' in C:\Bitnami\wappstack-5.4.30-0\apache2\htdocs\BasicYii\framework\db\CDbConnection.php:382
Stack trace:
#0 C:\Bitnami\wappstack-5.4.30-0\apache2\htdocs\BasicYii\framework\db\CDbConnection.php(330): CDbConnection->open()
#1 C:\Bitnami\wappstack-5.4.30-0\apache2\htdocs\BasicYii\framework\db\CDbConnection.php(308): CDbConnection->setActive(true)
#2 C:\Bitnami\wappstack-5.4.30-0\apache2\htdocs\BasicYii\framework\base\CModule.php(387): CDbConnection->init()
#3 C:\Bitnami\wappstack-5.4.30-0\apache2\htdocs\BasicYii\framework\base\CModule.php(103): CModule->getComponent('db')
#4 C:\Bitnami\wappstack-5.4.30-0\apache2\htdocs\BasicYii\framework\gii\generators\crud\CrudCode.php(44): CModule->__get('db')
#5 C:\Bitnami\wappstack-5.4.30-0\apache2\htdocs\BasicYii\framework\web\CFormModel.php(39): CrudCode->init()
#6 C:\Bitnami\wappstack-5.4.30-0\apache2\htdocs\BasicYii\framework\gii\CCodeGenerator.php(153): CFormModel->__construct()
#7 C:\Bitnami\wappstack-5.4.30-0\apache2\htdocs\BasicYii\framework\gii\CCodeGenerator.php(63): CCodeGenerator->prepare()
#8 C:\Bitnami\wappstack-5.4.30-0\apache2\htdocs\BasicYii\framework\web\actions\CInlineAction.php(49): CCodeGenerator->actionIndex()
#9 C:\Bitnami\wappstack-5.4.30-0\apache2\htdocs\BasicYii\framework\web\CController.php(308): CInlineAction->runWithParams(Array)
#10 C:\Bitnami\wappstack-5.4.30-0\apache2\htdocs\BasicYii\framework\web\CController.php(286): CController->runAction(Object(CInlineAction))
#11 C:\Bitnami\wappstack-5.4.30-0\apache2\htdocs\BasicYii\framework\web\CController.php(265): CController->runActionWithFilters(Object(CInlineAction), Array)
#12 C:\Bitnami\wappstack-5.4.30-0\apache2\htdocs\BasicYii\framework\web\CWebApplication.php(282): CController->run('index')
#13 C:\Bitnami\wappstack-5.4.30-0\apache2\htdocs\BasicYii\framework\web\CWebApplication.php(141): CWebApplication->runController('gii/bootstrap/i...')
#14 C:\Bitnami\wappstack-5.4.30-0\apache2\htdocs\BasicYii\framework\base\CApplication.php(180): CWebApplication->processRequest()
#15 C:\Bitnami\wappstack-5.4.30-0\apache2\htdocs\BasicYii\application\index.php(13): CApplication->run()
#16 {main}
REQUEST_URI=/BasicYii/application/index.php?r=gii/bootstrap/index
HTTP_REFERER=http://localhost/BasicYii/application/index.php?r=gii/default/index
---
2014/07/18 10:53:00 [error] [php] Invalid argument supplied for foreach() (C:\Bitnami\wappstack-5.4.30-0\apache2\htdocs\BasicYii\framework\gii\generators\model\templates\mate\model.php:80)
Stack trace:
#0 C:\Bitnami\wappstack-5.4.30-0\apache2\htdocs\BasicYii\framework\gii\CCodeGenerator.php(162): ModelCode->prepare()
#1 C:\Bitnami\wappstack-5.4.30-0\apache2\htdocs\BasicYii\framework\gii\CCodeGenerator.php(63): ModelGenerator->prepare()
#2 C:\Bitnami\wappstack-5.4.30-0\apache2\htdocs\BasicYii\framework\web\actions\CInlineAction.php(49): ModelGenerator->actionIndex()
#3 C:\Bitnami\wappstack-5.4.30-0\apache2\htdocs\BasicYii\framework\web\CController.php(308): CInlineAction->runWithParams()
#4 C:\Bitnami\wappstack-5.4.30-0\apache2\htdocs\BasicYii\framework\web\CController.php(286): ModelGenerator->runAction()
#5 C:\Bitnami\wappstack-5.4.30-0\apache2\htdocs\BasicYii\framework\web\CController.php(265): ModelGenerator->runActionWithFilters()
#6 C:\Bitnami\wappstack-5.4.30-0\apache2\htdocs\BasicYii\framework\web\CWebApplication.php(282): ModelGenerator->run()
#7 C:\Bitnami\wappstack-5.4.30-0\apache2\htdocs\BasicYii\framework\web\CWebApplication.php(141): CWebApplication->runController()
#8 C:\Bitnami\wappstack-5.4.30-0\apache2\htdocs\BasicYii\framework\base\CApplication.php(180): CWebApplication->processRequest()
#9 C:\Bitnami\wappstack-5.4.30-0\apache2\htdocs\BasicYii\application\index.php(13): CWebApplication->run()
REQUEST_URI=/BasicYii/application/index.php/gii/model/index
in C:\Bitnami\wappstack-5.4.30-0\apache2\htdocs\BasicYii\application\index.php (13)
2014/07/18 10:55:13 [error] [php] Invalid argument supplied for foreach() (C:\Bitnami\wappstack-5.4.30-0\apache2\htdocs\BasicYii\framework\gii\generators\model\templates\mate\model.php:80)
Stack trace:
#0 C:\Bitnami\wappstack-5.4.30-0\apache2\htdocs\BasicYii\framework\gii\CCodeGenerator.php(162): ModelCode->prepare()
#1 C:\Bitnami\wappstack-5.4.30-0\apache2\htdocs\BasicYii\framework\gii\CCodeGenerator.php(63): ModelGenerator->prepare()
#2 C:\Bitnami\wappstack-5.4.30-0\apache2\htdocs\BasicYii\framework\web\actions\CInlineAction.php(49): ModelGenerator->actionIndex()
#3 C:\Bitnami\wappstack-5.4.30-0\apache2\htdocs\BasicYii\framework\web\CController.php(308): CInlineAction->runWithParams()
#4 C:\Bitnami\wappstack-5.4.30-0\apache2\htdocs\BasicYii\framework\web\CController.php(286): ModelGenerator->runAction()
#5 C:\Bitnami\wappstack-5.4.30-0\apache2\htdocs\BasicYii\framework\web\CController.php(265): ModelGenerator->runActionWithFilters()
#6 C:\Bitnami\wappstack-5.4.30-0\apache2\htdocs\BasicYii\framework\web\CWebApplication.php(282): ModelGenerator->run()
#7 C:\Bitnami\wappstack-5.4.30-0\apache2\htdocs\BasicYii\framework\web\CWebApplication.php(141): CWebApplication->runController()
#8 C:\Bitnami\wappstack-5.4.30-0\apache2\htdocs\BasicYii\framework\base\CApplication.php(180): CWebApplication->processRequest()
#9 C:\Bitnami\wappstack-5.4.30-0\apache2\htdocs\BasicYii\application\index.php(13): CWebApplication->run()
REQUEST_URI=/BasicYii/application/index.php/gii/model/index
in C:\Bitnami\wappstack-5.4.30-0\apache2\htdocs\BasicYii\application\index.php (13)
2014/07/18 10:58:13 [error] [php] array_keys() expects parameter 1 to be array, string given (C:\Bitnami\wappstack-5.4.30-0\apache2\htdocs\BasicYii\framework\gii\generators\model\templates\mate\model.php:83)
Stack trace:
#0 C:\Bitnami\wappstack-5.4.30-0\apache2\htdocs\BasicYii\framework\gii\generators\model\ModelCode.php(112): ModelCode->render()
#1 C:\Bitnami\wappstack-5.4.30-0\apache2\htdocs\BasicYii\framework\gii\CCodeGenerator.php(162): ModelCode->prepare()
#2 C:\Bitnami\wappstack-5.4.30-0\apache2\htdocs\BasicYii\framework\gii\CCodeGenerator.php(63): ModelGenerator->prepare()
#3 C:\Bitnami\wappstack-5.4.30-0\apache2\htdocs\BasicYii\framework\web\actions\CInlineAction.php(49): ModelGenerator->actionIndex()
#4 C:\Bitnami\wappstack-5.4.30-0\apache2\htdocs\BasicYii\framework\web\CController.php(308): CInlineAction->runWithParams()
#5 C:\Bitnami\wappstack-5.4.30-0\apache2\htdocs\BasicYii\framework\web\CController.php(286): ModelGenerator->runAction()
#6 C:\Bitnami\wappstack-5.4.30-0\apache2\htdocs\BasicYii\framework\web\CController.php(265): ModelGenerator->runActionWithFilters()
#7 C:\Bitnami\wappstack-5.4.30-0\apache2\htdocs\BasicYii\framework\web\CWebApplication.php(282): ModelGenerator->run()
#8 C:\Bitnami\wappstack-5.4.30-0\apache2\htdocs\BasicYii\framework\web\CWebApplication.php(141): CWebApplication->runController()
#9 C:\Bitnami\wappstack-5.4.30-0\apache2\htdocs\BasicYii\framework\base\CApplication.php(180): CWebApplication->processRequest()
#10 C:\Bitnami\wappstack-5.4.30-0\apache2\htdocs\BasicYii\application\index.php(13): CWebApplication->run()
REQUEST_URI=/BasicYii/application/index.php/gii/model/index
in C:\Bitnami\wappstack-5.4.30-0\apache2\htdocs\BasicYii\application\index.php (13)
2014/07/18 11:10:50 [error] [exception.CException] exception 'CException' with message 'Property "ModelCode.created_date" is not defined.' in C:\Bitnami\wappstack-5.4.30-0\apache2\htdocs\BasicYii\framework\base\CComponent.php:130
Stack trace:
#0 C:\Bitnami\wappstack-5.4.30-0\apache2\htdocs\BasicYii\framework\validators\CDefaultValueValidator.php(44): CComponent->__get('created_date')
#1 C:\Bitnami\wappstack-5.4.30-0\apache2\htdocs\BasicYii\framework\validators\CValidator.php(213): CDefaultValueValidator->validateAttribute(Object(ModelCode), 'created_date')
#2 C:\Bitnami\wappstack-5.4.30-0\apache2\htdocs\BasicYii\framework\base\CModel.php(159): CValidator->validate(Object(ModelCode), NULL)
#3 C:\Bitnami\wappstack-5.4.30-0\apache2\htdocs\BasicYii\framework\gii\CCodeGenerator.php(159): CModel->validate()
#4 C:\Bitnami\wappstack-5.4.30-0\apache2\htdocs\BasicYii\framework\gii\CCodeGenerator.php(63): CCodeGenerator->prepare()
#5 C:\Bitnami\wappstack-5.4.30-0\apache2\htdocs\BasicYii\framework\web\actions\CInlineAction.php(49): CCodeGenerator->actionIndex()
#6 C:\Bitnami\wappstack-5.4.30-0\apache2\htdocs\BasicYii\framework\web\CController.php(308): CInlineAction->runWithParams(Array)
#7 C:\Bitnami\wappstack-5.4.30-0\apache2\htdocs\BasicYii\framework\web\CController.php(286): CController->runAction(Object(CInlineAction))
#8 C:\Bitnami\wappstack-5.4.30-0\apache2\htdocs\BasicYii\framework\web\CController.php(265): CController->runActionWithFilters(Object(CInlineAction), Array)
#9 C:\Bitnami\wappstack-5.4.30-0\apache2\htdocs\BasicYii\framework\web\CWebApplication.php(282): CController->run('index')
#10 C:\Bitnami\wappstack-5.4.30-0\apache2\htdocs\BasicYii\framework\web\CWebApplication.php(141): CWebApplication->runController('gii/model/index')
#11 C:\Bitnami\wappstack-5.4.30-0\apache2\htdocs\BasicYii\framework\base\CApplication.php(180): CWebApplication->processRequest()
#12 C:\Bitnami\wappstack-5.4.30-0\apache2\htdocs\BasicYii\application\index.php(13): CApplication->run()
#13 {main}
REQUEST_URI=/BasicYii/application/index.php/gii/model/index
HTTP_REFERER=http://localhost/BasicYii/application/index.php/gii/model/index
---
2014/07/18 11:17:21 [error] [php] Object of class CPgsqlColumnSchema could not be converted to string (C:\Bitnami\wappstack-5.4.30-0\apache2\htdocs\BasicYii\framework\gii\generators\model\templates\mate\model.php:83)
Stack trace:
#0 C:\Bitnami\wappstack-5.4.30-0\apache2\htdocs\BasicYii\framework\gii\CCodeGenerator.php(162): ModelCode->prepare()
#1 C:\Bitnami\wappstack-5.4.30-0\apache2\htdocs\BasicYii\framework\gii\CCodeGenerator.php(63): ModelGenerator->prepare()
#2 C:\Bitnami\wappstack-5.4.30-0\apache2\htdocs\BasicYii\framework\web\actions\CInlineAction.php(49): ModelGenerator->actionIndex()
#3 C:\Bitnami\wappstack-5.4.30-0\apache2\htdocs\BasicYii\framework\web\CController.php(308): CInlineAction->runWithParams()
#4 C:\Bitnami\wappstack-5.4.30-0\apache2\htdocs\BasicYii\framework\web\CController.php(286): ModelGenerator->runAction()
#5 C:\Bitnami\wappstack-5.4.30-0\apache2\htdocs\BasicYii\framework\web\CController.php(265): ModelGenerator->runActionWithFilters()
#6 C:\Bitnami\wappstack-5.4.30-0\apache2\htdocs\BasicYii\framework\web\CWebApplication.php(282): ModelGenerator->run()
#7 C:\Bitnami\wappstack-5.4.30-0\apache2\htdocs\BasicYii\framework\web\CWebApplication.php(141): CWebApplication->runController()
#8 C:\Bitnami\wappstack-5.4.30-0\apache2\htdocs\BasicYii\framework\base\CApplication.php(180): CWebApplication->processRequest()
#9 C:\Bitnami\wappstack-5.4.30-0\apache2\htdocs\BasicYii\application\index.php(13): CWebApplication->run()
REQUEST_URI=/BasicYii/application/index.php/gii/model/index
in C:\Bitnami\wappstack-5.4.30-0\apache2\htdocs\BasicYii\application\index.php (13)
2014/07/18 11:24:45 [error] [php] Object of class CPgsqlColumnSchema could not be converted to string (C:\Bitnami\wappstack-5.4.30-0\apache2\htdocs\BasicYii\framework\gii\generators\model\templates\mate\model.php:84)
Stack trace:
#0 C:\Bitnami\wappstack-5.4.30-0\apache2\htdocs\BasicYii\framework\gii\CCodeGenerator.php(162): ModelCode->prepare()
#1 C:\Bitnami\wappstack-5.4.30-0\apache2\htdocs\BasicYii\framework\gii\CCodeGenerator.php(63): ModelGenerator->prepare()
#2 C:\Bitnami\wappstack-5.4.30-0\apache2\htdocs\BasicYii\framework\web\actions\CInlineAction.php(49): ModelGenerator->actionIndex()
#3 C:\Bitnami\wappstack-5.4.30-0\apache2\htdocs\BasicYii\framework\web\CController.php(308): CInlineAction->runWithParams()
#4 C:\Bitnami\wappstack-5.4.30-0\apache2\htdocs\BasicYii\framework\web\CController.php(286): ModelGenerator->runAction()
#5 C:\Bitnami\wappstack-5.4.30-0\apache2\htdocs\BasicYii\framework\web\CController.php(265): ModelGenerator->runActionWithFilters()
#6 C:\Bitnami\wappstack-5.4.30-0\apache2\htdocs\BasicYii\framework\web\CWebApplication.php(282): ModelGenerator->run()
#7 C:\Bitnami\wappstack-5.4.30-0\apache2\htdocs\BasicYii\framework\web\CWebApplication.php(141): CWebApplication->runController()
#8 C:\Bitnami\wappstack-5.4.30-0\apache2\htdocs\BasicYii\framework\base\CApplication.php(180): CWebApplication->processRequest()
#9 C:\Bitnami\wappstack-5.4.30-0\apache2\htdocs\BasicYii\application\index.php(13): CWebApplication->run()
REQUEST_URI=/BasicYii/application/index.php/gii/model/index
in C:\Bitnami\wappstack-5.4.30-0\apache2\htdocs\BasicYii\application\index.php (13)
2014/07/18 12:08:52 [error] [php] Undefined variable: i (C:\Bitnami\wappstack-5.4.30-0\apache2\htdocs\BasicYii\framework\gii\generators\model\templates\mate\model.php:101)
Stack trace:
#0 C:\Bitnami\wappstack-5.4.30-0\apache2\htdocs\BasicYii\framework\gii\CCodeGenerator.php(162): ModelCode->prepare()
#1 C:\Bitnami\wappstack-5.4.30-0\apache2\htdocs\BasicYii\framework\gii\CCodeGenerator.php(63): ModelGenerator->prepare()
#2 C:\Bitnami\wappstack-5.4.30-0\apache2\htdocs\BasicYii\framework\web\actions\CInlineAction.php(49): ModelGenerator->actionIndex()
#3 C:\Bitnami\wappstack-5.4.30-0\apache2\htdocs\BasicYii\framework\web\CController.php(308): CInlineAction->runWithParams()
#4 C:\Bitnami\wappstack-5.4.30-0\apache2\htdocs\BasicYii\framework\web\CController.php(286): ModelGenerator->runAction()
#5 C:\Bitnami\wappstack-5.4.30-0\apache2\htdocs\BasicYii\framework\web\CController.php(265): ModelGenerator->runActionWithFilters()
#6 C:\Bitnami\wappstack-5.4.30-0\apache2\htdocs\BasicYii\framework\web\CWebApplication.php(282): ModelGenerator->run()
#7 C:\Bitnami\wappstack-5.4.30-0\apache2\htdocs\BasicYii\framework\web\CWebApplication.php(141): CWebApplication->runController()
#8 C:\Bitnami\wappstack-5.4.30-0\apache2\htdocs\BasicYii\framework\base\CApplication.php(180): CWebApplication->processRequest()
#9 C:\Bitnami\wappstack-5.4.30-0\apache2\htdocs\BasicYii\application\index.php(13): CWebApplication->run()
REQUEST_URI=/BasicYii/application/index.php/gii/model/index
in C:\Bitnami\wappstack-5.4.30-0\apache2\htdocs\BasicYii\application\index.php (13)
2014/07/18 13:03:10 [error] [php] Undefined variable: model (C:\Bitnami\wappstack-5.4.30-0\apache2\htdocs\BasicYii\application\protected\extensions\bootstrap\gii\bootstrap\templates\mate\index.php:11)
Stack trace:
#0 C:\Bitnami\wappstack-5.4.30-0\apache2\htdocs\BasicYii\framework\gii\CCodeGenerator.php(162): BootstrapCode->prepare()
#1 C:\Bitnami\wappstack-5.4.30-0\apache2\htdocs\BasicYii\framework\gii\CCodeGenerator.php(63): BootstrapGenerator->prepare()
#2 C:\Bitnami\wappstack-5.4.30-0\apache2\htdocs\BasicYii\framework\web\actions\CInlineAction.php(49): BootstrapGenerator->actionIndex()
#3 C:\Bitnami\wappstack-5.4.30-0\apache2\htdocs\BasicYii\framework\web\CController.php(308): CInlineAction->runWithParams()
#4 C:\Bitnami\wappstack-5.4.30-0\apache2\htdocs\BasicYii\framework\web\CController.php(286): BootstrapGenerator->runAction()
#5 C:\Bitnami\wappstack-5.4.30-0\apache2\htdocs\BasicYii\framework\web\CController.php(265): BootstrapGenerator->runActionWithFilters()
#6 C:\Bitnami\wappstack-5.4.30-0\apache2\htdocs\BasicYii\framework\web\CWebApplication.php(282): BootstrapGenerator->run()
#7 C:\Bitnami\wappstack-5.4.30-0\apache2\htdocs\BasicYii\framework\web\CWebApplication.php(141): CWebApplication->runController()
#8 C:\Bitnami\wappstack-5.4.30-0\apache2\htdocs\BasicYii\framework\base\CApplication.php(180): CWebApplication->processRequest()
#9 C:\Bitnami\wappstack-5.4.30-0\apache2\htdocs\BasicYii\application\index.php(13): CWebApplication->run()
REQUEST_URI=/BasicYii/application/index.php/gii/bootstrap/index
in C:\Bitnami\wappstack-5.4.30-0\apache2\htdocs\BasicYii\application\protected\extensions\bootstrap\gii\bootstrap\templates\mate\index.php (11)
in C:\Bitnami\wappstack-5.4.30-0\apache2\htdocs\BasicYii\application\index.php (13)
2014/07/18 13:04:13 [error] [exception.CException] exception 'CException' with message 'Property "BootstrapCode.label" is not defined.' in C:\Bitnami\wappstack-5.4.30-0\apache2\htdocs\BasicYii\framework\base\CComponent.php:130
Stack trace:
#0 C:\Bitnami\wappstack-5.4.30-0\apache2\htdocs\BasicYii\application\protected\extensions\bootstrap\gii\bootstrap\templates\mate\index.php(11): CComponent->__get('label')
#1 C:\Bitnami\wappstack-5.4.30-0\apache2\htdocs\BasicYii\framework\gii\CCodeModel.php(321): require('C:\\Bitnami\\wapp...')
#2 C:\Bitnami\wappstack-5.4.30-0\apache2\htdocs\BasicYii\framework\gii\generators\crud\CrudCode.php(97): CCodeModel->render('C:\\Bitnami\\wapp...')
#3 C:\Bitnami\wappstack-5.4.30-0\apache2\htdocs\BasicYii\framework\gii\CCodeGenerator.php(162): CrudCode->prepare()
#4 C:\Bitnami\wappstack-5.4.30-0\apache2\htdocs\BasicYii\framework\gii\CCodeGenerator.php(63): CCodeGenerator->prepare()
#5 C:\Bitnami\wappstack-5.4.30-0\apache2\htdocs\BasicYii\framework\web\actions\CInlineAction.php(49): CCodeGenerator->actionIndex()
#6 C:\Bitnami\wappstack-5.4.30-0\apache2\htdocs\BasicYii\framework\web\CController.php(308): CInlineAction->runWithParams(Array)
#7 C:\Bitnami\wappstack-5.4.30-0\apache2\htdocs\BasicYii\framework\web\CController.php(286): CController->runAction(Object(CInlineAction))
#8 C:\Bitnami\wappstack-5.4.30-0\apache2\htdocs\BasicYii\framework\web\CController.php(265): CController->runActionWithFilters(Object(CInlineAction), Array)
#9 C:\Bitnami\wappstack-5.4.30-0\apache2\htdocs\BasicYii\framework\web\CWebApplication.php(282): CController->run('index')
#10 C:\Bitnami\wappstack-5.4.30-0\apache2\htdocs\BasicYii\framework\web\CWebApplication.php(141): CWebApplication->runController('gii/bootstrap/i...')
#11 C:\Bitnami\wappstack-5.4.30-0\apache2\htdocs\BasicYii\framework\base\CApplication.php(180): CWebApplication->processRequest()
#12 C:\Bitnami\wappstack-5.4.30-0\apache2\htdocs\BasicYii\application\index.php(13): CApplication->run()
#13 {main}
REQUEST_URI=/BasicYii/application/index.php/gii/bootstrap/index
HTTP_REFERER=http://localhost/BasicYii/application/index.php/gii/bootstrap/index
---
2014/07/18 13:35:01 [error] [php] array_key_exists(): The first argument should be either a string or an integer (C:\Bitnami\wappstack-5.4.30-0\apache2\htdocs\BasicYii\framework\cli\commands\MessageCommand.php:167)
Stack trace:
#0 C:\Bitnami\wappstack-5.4.30-0\apache2\htdocs\BasicYii\framework\console\CConsoleCommandRunner.php(71): MessageCommand->run()
#1 C:\Bitnami\wappstack-5.4.30-0\apache2\htdocs\BasicYii\framework\console\CConsoleApplication.php(92): CConsoleCommandRunner->run()
#2 C:\Bitnami\wappstack-5.4.30-0\apache2\htdocs\BasicYii\framework\base\CApplication.php(180): CConsoleApplication->processRequest()
#3 C:\Bitnami\wappstack-5.4.30-0\apache2\htdocs\BasicYii\framework\yiic.php(33): CConsoleApplication->run()
#4 C:\Bitnami\wappstack-5.4.30-0\apache2\htdocs\BasicYii\application\protected\yiic.php(7): require_once()

2014/07/18 14:11:16 [error] [php] array_key_exists(): The first argument should be either a string or an integer (C:\Bitnami\wappstack-5.4.30-0\apache2\htdocs\BasicYii\framework\cli\commands\MessageCommand.php:167)
Stack trace:
#0 C:\Bitnami\wappstack-5.4.30-0\apache2\htdocs\BasicYii\framework\console\CConsoleCommandRunner.php(71): MessageCommand->run()
#1 C:\Bitnami\wappstack-5.4.30-0\apache2\htdocs\BasicYii\framework\console\CConsoleApplication.php(92): CConsoleCommandRunner->run()
#2 C:\Bitnami\wappstack-5.4.30-0\apache2\htdocs\BasicYii\framework\base\CApplication.php(180): CConsoleApplication->processRequest()
#3 C:\Bitnami\wappstack-5.4.30-0\apache2\htdocs\BasicYii\framework\yiic.php(33): CConsoleApplication->run()
#4 C:\Bitnami\wappstack-5.4.30-0\apache2\htdocs\BasicYii\application\protected\yiic.php(7): require_once()

2014/07/18 22:10:15 [error] [php] Undefined variable: lang (C:\Bitnami\wappstack-5.4.30-0\apache2\htdocs\BasicYii\application\protected\views\users\index.php:7)
Stack trace:
#0 C:\Bitnami\wappstack-5.4.30-0\apache2\htdocs\BasicYii\framework\web\CController.php(869): UsersController->renderFile()
#1 C:\Bitnami\wappstack-5.4.30-0\apache2\htdocs\BasicYii\framework\web\CController.php(782): UsersController->renderPartial()
#2 C:\Bitnami\wappstack-5.4.30-0\apache2\htdocs\BasicYii\application\protected\controllers\UsersController.php(137): UsersController->render()
#3 C:\Bitnami\wappstack-5.4.30-0\apache2\htdocs\BasicYii\framework\web\actions\CInlineAction.php(49): UsersController->actionIndex()
#4 C:\Bitnami\wappstack-5.4.30-0\apache2\htdocs\BasicYii\framework\web\CController.php(308): CInlineAction->runWithParams()
#5 C:\Bitnami\wappstack-5.4.30-0\apache2\htdocs\BasicYii\framework\web\filters\CFilterChain.php(133): UsersController->runAction()
#6 C:\Bitnami\wappstack-5.4.30-0\apache2\htdocs\BasicYii\framework\web\filters\CFilter.php(40): CFilterChain->run()
#7 C:\Bitnami\wappstack-5.4.30-0\apache2\htdocs\BasicYii\framework\web\CController.php(1145): CAccessControlFilter->filter()
#8 C:\Bitnami\wappstack-5.4.30-0\apache2\htdocs\BasicYii\framework\web\filters\CInlineFilter.php(58): UsersController->filterAccessControl()
#9 C:\Bitnami\wappstack-5.4.30-0\apache2\htdocs\BasicYii\framework\web\filters\CFilterChain.php(130): CInlineFilter->filter()
#10 C:\Bitnami\wappstack-5.4.30-0\apache2\htdocs\BasicYii\framework\web\CController.php(291): CFilterChain->run()
#11 C:\Bitnami\wappstack-5.4.30-0\apache2\htdocs\BasicYii\framework\web\CController.php(265): UsersController->runActionWithFilters()
#12 C:\Bitnami\wappstack-5.4.30-0\apache2\htdocs\BasicYii\framework\web\CWebApplication.php(282): UsersController->run()
#13 C:\Bitnami\wappstack-5.4.30-0\apache2\htdocs\BasicYii\framework\web\CWebApplication.php(141): CWebApplication->runController()
#14 C:\Bitnami\wappstack-5.4.30-0\apache2\htdocs\BasicYii\framework\base\CApplication.php(180): CWebApplication->processRequest()
#15 C:\Bitnami\wappstack-5.4.30-0\apache2\htdocs\BasicYii\application\index.php(13): CWebApplication->run()
REQUEST_URI=/BasicYii/application/index.php/users/
in C:\Bitnami\wappstack-5.4.30-0\apache2\htdocs\BasicYii\application\protected\views\users\index.php (7)
in C:\Bitnami\wappstack-5.4.30-0\apache2\htdocs\BasicYii\application\protected\controllers\UsersController.php (137)
in C:\Bitnami\wappstack-5.4.30-0\apache2\htdocs\BasicYii\application\index.php (13)
2014/07/18 22:14:20 [error] [exception.CException] exception 'CException' with message 'Property "UsersController.owner" is not defined.' in C:\Bitnami\wappstack-5.4.30-0\apache2\htdocs\BasicYii\framework\base\CComponent.php:130
Stack trace:
#0 C:\Bitnami\wappstack-5.4.30-0\apache2\htdocs\BasicYii\application\protected\views\users\index.php(6): CComponent->__get('owner')
#1 C:\Bitnami\wappstack-5.4.30-0\apache2\htdocs\BasicYii\framework\web\CBaseController.php(126): require('C:\\Bitnami\\wapp...')
#2 C:\Bitnami\wappstack-5.4.30-0\apache2\htdocs\BasicYii\framework\web\CBaseController.php(95): CBaseController->renderInternal('C:\\Bitnami\\wapp...', Array, true)
#3 C:\Bitnami\wappstack-5.4.30-0\apache2\htdocs\BasicYii\framework\web\CController.php(869): CBaseController->renderFile('C:\\Bitnami\\wapp...', Array, true)
#4 C:\Bitnami\wappstack-5.4.30-0\apache2\htdocs\BasicYii\framework\web\CController.php(782): CController->renderPartial('index', Array, true)
#5 C:\Bitnami\wappstack-5.4.30-0\apache2\htdocs\BasicYii\application\protected\controllers\UsersController.php(137): CController->render('index', Array)
#6 C:\Bitnami\wappstack-5.4.30-0\apache2\htdocs\BasicYii\framework\web\actions\CInlineAction.php(49): UsersController->actionIndex()
#7 C:\Bitnami\wappstack-5.4.30-0\apache2\htdocs\BasicYii\framework\web\CController.php(308): CInlineAction->runWithParams(Array)
#8 C:\Bitnami\wappstack-5.4.30-0\apache2\htdocs\BasicYii\framework\web\filters\CFilterChain.php(133): CController->runAction(Object(CInlineAction))
#9 C:\Bitnami\wappstack-5.4.30-0\apache2\htdocs\BasicYii\framework\web\filters\CFilter.php(40): CFilterChain->run()
#10 C:\Bitnami\wappstack-5.4.30-0\apache2\htdocs\BasicYii\framework\web\CController.php(1145): CFilter->filter(Object(CFilterChain))
#11 C:\Bitnami\wappstack-5.4.30-0\apache2\htdocs\BasicYii\framework\web\filters\CInlineFilter.php(58): CController->filterAccessControl(Object(CFilterChain))
#12 C:\Bitnami\wappstack-5.4.30-0\apache2\htdocs\BasicYii\framework\web\filters\CFilterChain.php(130): CInlineFilter->filter(Object(CFilterChain))
#13 C:\Bitnami\wappstack-5.4.30-0\apache2\htdocs\BasicYii\framework\web\CController.php(291): CFilterChain->run()
#14 C:\Bitnami\wappstack-5.4.30-0\apache2\htdocs\BasicYii\framework\web\CController.php(265): CController->runActionWithFilters(Object(CInlineAction), Array)
#15 C:\Bitnami\wappstack-5.4.30-0\apache2\htdocs\BasicYii\framework\web\CWebApplication.php(282): CController->run('')
#16 C:\Bitnami\wappstack-5.4.30-0\apache2\htdocs\BasicYii\framework\web\CWebApplication.php(141): CWebApplication->runController('users')
#17 C:\Bitnami\wappstack-5.4.30-0\apache2\htdocs\BasicYii\framework\base\CApplication.php(180): CWebApplication->processRequest()
#18 C:\Bitnami\wappstack-5.4.30-0\apache2\htdocs\BasicYii\application\index.php(13): CApplication->run()
#19 {main}
REQUEST_URI=/BasicYii/application/index.php/users/
---
2014/07/18 22:16:32 [error] [exception.CException] exception 'CException' with message 'A tulajdonság "UsersController.owner" nincs definiálva.' in C:\Bitnami\wappstack-5.4.30-0\apache2\htdocs\BasicYii\framework\base\CComponent.php:130
Stack trace:
#0 C:\Bitnami\wappstack-5.4.30-0\apache2\htdocs\BasicYii\application\protected\views\users\index.php(6): CComponent->__get('owner')
#1 C:\Bitnami\wappstack-5.4.30-0\apache2\htdocs\BasicYii\framework\web\CBaseController.php(126): require('C:\\Bitnami\\wapp...')
#2 C:\Bitnami\wappstack-5.4.30-0\apache2\htdocs\BasicYii\framework\web\CBaseController.php(95): CBaseController->renderInternal('C:\\Bitnami\\wapp...', Array, true)
#3 C:\Bitnami\wappstack-5.4.30-0\apache2\htdocs\BasicYii\framework\web\CController.php(869): CBaseController->renderFile('C:\\Bitnami\\wapp...', Array, true)
#4 C:\Bitnami\wappstack-5.4.30-0\apache2\htdocs\BasicYii\framework\web\CController.php(782): CController->renderPartial('index', Array, true)
#5 C:\Bitnami\wappstack-5.4.30-0\apache2\htdocs\BasicYii\application\protected\controllers\UsersController.php(137): CController->render('index', Array)
#6 C:\Bitnami\wappstack-5.4.30-0\apache2\htdocs\BasicYii\framework\web\actions\CInlineAction.php(49): UsersController->actionIndex()
#7 C:\Bitnami\wappstack-5.4.30-0\apache2\htdocs\BasicYii\framework\web\CController.php(308): CInlineAction->runWithParams(Array)
#8 C:\Bitnami\wappstack-5.4.30-0\apache2\htdocs\BasicYii\framework\web\filters\CFilterChain.php(133): CController->runAction(Object(CInlineAction))
#9 C:\Bitnami\wappstack-5.4.30-0\apache2\htdocs\BasicYii\framework\web\filters\CFilter.php(40): CFilterChain->run()
#10 C:\Bitnami\wappstack-5.4.30-0\apache2\htdocs\BasicYii\framework\web\CController.php(1145): CFilter->filter(Object(CFilterChain))
#11 C:\Bitnami\wappstack-5.4.30-0\apache2\htdocs\BasicYii\framework\web\filters\CInlineFilter.php(58): CController->filterAccessControl(Object(CFilterChain))
#12 C:\Bitnami\wappstack-5.4.30-0\apache2\htdocs\BasicYii\framework\web\filters\CFilterChain.php(130): CInlineFilter->filter(Object(CFilterChain))
#13 C:\Bitnami\wappstack-5.4.30-0\apache2\htdocs\BasicYii\framework\web\CController.php(291): CFilterChain->run()
#14 C:\Bitnami\wappstack-5.4.30-0\apache2\htdocs\BasicYii\framework\web\CController.php(265): CController->runActionWithFilters(Object(CInlineAction), Array)
#15 C:\Bitnami\wappstack-5.4.30-0\apache2\htdocs\BasicYii\framework\web\CWebApplication.php(282): CController->run('')
#16 C:\Bitnami\wappstack-5.4.30-0\apache2\htdocs\BasicYii\framework\web\CWebApplication.php(141): CWebApplication->runController('users')
#17 C:\Bitnami\wappstack-5.4.30-0\apache2\htdocs\BasicYii\framework\base\CApplication.php(180): CWebApplication->processRequest()
#18 C:\Bitnami\wappstack-5.4.30-0\apache2\htdocs\BasicYii\application\index.php(13): CApplication->run()
#19 {main}
REQUEST_URI=/BasicYii/application/index.php/users/
---
2014/07/18 22:41:24 [error] [php] Undefined variable: header_label (C:\Bitnami\wappstack-5.4.30-0\apache2\htdocs\BasicYii\application\protected\extensions\bootstrap\gii\bootstrap\templates\mate\index.php:31)
Stack trace:
#0 C:\Bitnami\wappstack-5.4.30-0\apache2\htdocs\BasicYii\framework\gii\CCodeGenerator.php(162): BootstrapCode->prepare()
#1 C:\Bitnami\wappstack-5.4.30-0\apache2\htdocs\BasicYii\framework\gii\CCodeGenerator.php(63): BootstrapGenerator->prepare()
#2 C:\Bitnami\wappstack-5.4.30-0\apache2\htdocs\BasicYii\framework\web\actions\CInlineAction.php(49): BootstrapGenerator->actionIndex()
#3 C:\Bitnami\wappstack-5.4.30-0\apache2\htdocs\BasicYii\framework\web\CController.php(308): CInlineAction->runWithParams()
#4 C:\Bitnami\wappstack-5.4.30-0\apache2\htdocs\BasicYii\framework\web\CController.php(286): BootstrapGenerator->runAction()
#5 C:\Bitnami\wappstack-5.4.30-0\apache2\htdocs\BasicYii\framework\web\CController.php(265): BootstrapGenerator->runActionWithFilters()
#6 C:\Bitnami\wappstack-5.4.30-0\apache2\htdocs\BasicYii\framework\web\CWebApplication.php(282): BootstrapGenerator->run()
#7 C:\Bitnami\wappstack-5.4.30-0\apache2\htdocs\BasicYii\framework\web\CWebApplication.php(141): CWebApplication->runController()
#8 C:\Bitnami\wappstack-5.4.30-0\apache2\htdocs\BasicYii\framework\base\CApplication.php(180): CWebApplication->processRequest()
#9 C:\Bitnami\wappstack-5.4.30-0\apache2\htdocs\BasicYii\application\index.php(13): CWebApplication->run()
REQUEST_URI=/BasicYii/application/index.php/gii/bootstrap/index
in C:\Bitnami\wappstack-5.4.30-0\apache2\htdocs\BasicYii\application\protected\extensions\bootstrap\gii\bootstrap\templates\mate\index.php (31)
in C:\Bitnami\wappstack-5.4.30-0\apache2\htdocs\BasicYii\application\index.php (13)
2014/07/18 23:21:04 [error] [php] Undefined variable: header_label (C:\Bitnami\wappstack-5.4.30-0\apache2\htdocs\BasicYii\application\protected\extensions\bootstrap\gii\bootstrap\templates\mate\index.php:42)
Stack trace:
#0 C:\Bitnami\wappstack-5.4.30-0\apache2\htdocs\BasicYii\framework\gii\CCodeGenerator.php(162): BootstrapCode->prepare()
#1 C:\Bitnami\wappstack-5.4.30-0\apache2\htdocs\BasicYii\framework\gii\CCodeGenerator.php(63): BootstrapGenerator->prepare()
#2 C:\Bitnami\wappstack-5.4.30-0\apache2\htdocs\BasicYii\framework\web\actions\CInlineAction.php(49): BootstrapGenerator->actionIndex()
#3 C:\Bitnami\wappstack-5.4.30-0\apache2\htdocs\BasicYii\framework\web\CController.php(308): CInlineAction->runWithParams()
#4 C:\Bitnami\wappstack-5.4.30-0\apache2\htdocs\BasicYii\framework\web\CController.php(286): BootstrapGenerator->runAction()
#5 C:\Bitnami\wappstack-5.4.30-0\apache2\htdocs\BasicYii\framework\web\CController.php(265): BootstrapGenerator->runActionWithFilters()
#6 C:\Bitnami\wappstack-5.4.30-0\apache2\htdocs\BasicYii\framework\web\CWebApplication.php(282): BootstrapGenerator->run()
#7 C:\Bitnami\wappstack-5.4.30-0\apache2\htdocs\BasicYii\framework\web\CWebApplication.php(141): CWebApplication->runController()
#8 C:\Bitnami\wappstack-5.4.30-0\apache2\htdocs\BasicYii\framework\base\CApplication.php(180): CWebApplication->processRequest()
#9 C:\Bitnami\wappstack-5.4.30-0\apache2\htdocs\BasicYii\application\index.php(13): CWebApplication->run()
REQUEST_URI=/BasicYii/application/index.php/gii/bootstrap/index
in C:\Bitnami\wappstack-5.4.30-0\apache2\htdocs\BasicYii\application\protected\extensions\bootstrap\gii\bootstrap\templates\mate\index.php (42)
in C:\Bitnami\wappstack-5.4.30-0\apache2\htdocs\BasicYii\application\index.php (13)
2014/07/18 23:24:32 [error] [php] array_key_exists(): The first argument should be either a string or an integer (C:\Bitnami\wappstack-5.4.30-0\apache2\htdocs\BasicYii\framework\cli\commands\MessageCommand.php:167)
Stack trace:
#0 C:\Bitnami\wappstack-5.4.30-0\apache2\htdocs\BasicYii\framework\console\CConsoleCommandRunner.php(71): MessageCommand->run()
#1 C:\Bitnami\wappstack-5.4.30-0\apache2\htdocs\BasicYii\framework\console\CConsoleApplication.php(92): CConsoleCommandRunner->run()
#2 C:\Bitnami\wappstack-5.4.30-0\apache2\htdocs\BasicYii\framework\base\CApplication.php(180): CConsoleApplication->processRequest()
#3 C:\Bitnami\wappstack-5.4.30-0\apache2\htdocs\BasicYii\framework\yiic.php(33): CConsoleApplication->run()
#4 C:\Bitnami\wappstack-5.4.30-0\apache2\htdocs\BasicYii\application\protected\yiic.php(7): require_once()

2014/07/18 23:25:58 [error] [php] array_key_exists(): The first argument should be either a string or an integer (C:\Bitnami\wappstack-5.4.30-0\apache2\htdocs\BasicYii\framework\cli\commands\MessageCommand.php:167)
Stack trace:
#0 C:\Bitnami\wappstack-5.4.30-0\apache2\htdocs\BasicYii\framework\console\CConsoleCommandRunner.php(71): MessageCommand->run()
#1 C:\Bitnami\wappstack-5.4.30-0\apache2\htdocs\BasicYii\framework\console\CConsoleApplication.php(92): CConsoleCommandRunner->run()
#2 C:\Bitnami\wappstack-5.4.30-0\apache2\htdocs\BasicYii\framework\base\CApplication.php(180): CConsoleApplication->processRequest()
#3 C:\Bitnami\wappstack-5.4.30-0\apache2\htdocs\BasicYii\framework\yiic.php(33): CConsoleApplication->run()
#4 C:\Bitnami\wappstack-5.4.30-0\apache2\htdocs\BasicYii\application\protected\yiic.php(7): require_once()

2014/07/18 23:26:22 [error] [php] array_key_exists(): The first argument should be either a string or an integer (C:\Bitnami\wappstack-5.4.30-0\apache2\htdocs\BasicYii\framework\cli\commands\MessageCommand.php:167)
Stack trace:
#0 C:\Bitnami\wappstack-5.4.30-0\apache2\htdocs\BasicYii\framework\console\CConsoleCommandRunner.php(71): MessageCommand->run()
#1 C:\Bitnami\wappstack-5.4.30-0\apache2\htdocs\BasicYii\framework\console\CConsoleApplication.php(92): CConsoleCommandRunner->run()
#2 C:\Bitnami\wappstack-5.4.30-0\apache2\htdocs\BasicYii\framework\base\CApplication.php(180): CConsoleApplication->processRequest()
#3 C:\Bitnami\wappstack-5.4.30-0\apache2\htdocs\BasicYii\framework\yiic.php(33): CConsoleApplication->run()
#4 C:\Bitnami\wappstack-5.4.30-0\apache2\htdocs\BasicYii\application\protected\yiic.php(7): require_once()

2014/07/18 23:29:13 [error] [php] array_key_exists(): The first argument should be either a string or an integer (C:\Bitnami\wappstack-5.4.30-0\apache2\htdocs\BasicYii\framework\cli\commands\MessageCommand.php:167)
Stack trace:
#0 C:\Bitnami\wappstack-5.4.30-0\apache2\htdocs\BasicYii\framework\console\CConsoleCommandRunner.php(71): MessageCommand->run()
#1 C:\Bitnami\wappstack-5.4.30-0\apache2\htdocs\BasicYii\framework\console\CConsoleApplication.php(92): CConsoleCommandRunner->run()
#2 C:\Bitnami\wappstack-5.4.30-0\apache2\htdocs\BasicYii\framework\base\CApplication.php(180): CConsoleApplication->processRequest()
#3 C:\Bitnami\wappstack-5.4.30-0\apache2\htdocs\BasicYii\framework\yiic.php(33): CConsoleApplication->run()
#4 C:\Bitnami\wappstack-5.4.30-0\apache2\htdocs\BasicYii\application\protected\yiic.php(7): require_once()

2014/07/19 00:01:10 [error] [php] Undefined variable: key (C:\Bitnami\wappstack-5.4.30-0\apache2\htdocs\BasicYii\application\protected\extensions\bootstrap\gii\bootstrap\templates\mate\index.php:40)
Stack trace:
#0 C:\Bitnami\wappstack-5.4.30-0\apache2\htdocs\BasicYii\framework\gii\CCodeGenerator.php(162): BootstrapCode->prepare()
#1 C:\Bitnami\wappstack-5.4.30-0\apache2\htdocs\BasicYii\framework\gii\CCodeGenerator.php(63): BootstrapGenerator->prepare()
#2 C:\Bitnami\wappstack-5.4.30-0\apache2\htdocs\BasicYii\framework\web\actions\CInlineAction.php(49): BootstrapGenerator->actionIndex()
#3 C:\Bitnami\wappstack-5.4.30-0\apache2\htdocs\BasicYii\framework\web\CController.php(308): CInlineAction->runWithParams()
#4 C:\Bitnami\wappstack-5.4.30-0\apache2\htdocs\BasicYii\framework\web\CController.php(286): BootstrapGenerator->runAction()
#5 C:\Bitnami\wappstack-5.4.30-0\apache2\htdocs\BasicYii\framework\web\CController.php(265): BootstrapGenerator->runActionWithFilters()
#6 C:\Bitnami\wappstack-5.4.30-0\apache2\htdocs\BasicYii\framework\web\CWebApplication.php(282): BootstrapGenerator->run()
#7 C:\Bitnami\wappstack-5.4.30-0\apache2\htdocs\BasicYii\framework\web\CWebApplication.php(141): CWebApplication->runController()
#8 C:\Bitnami\wappstack-5.4.30-0\apache2\htdocs\BasicYii\framework\base\CApplication.php(180): CWebApplication->processRequest()
#9 C:\Bitnami\wappstack-5.4.30-0\apache2\htdocs\BasicYii\application\index.php(13): CWebApplication->run()
REQUEST_URI=/BasicYii/application/index.php/gii/bootstrap/index
in C:\Bitnami\wappstack-5.4.30-0\apache2\htdocs\BasicYii\application\protected\extensions\bootstrap\gii\bootstrap\templates\mate\index.php (40)
in C:\Bitnami\wappstack-5.4.30-0\apache2\htdocs\BasicYii\application\index.php (13)
2014/07/19 00:19:26 [error] [php] Undefined variable: tmp2 (C:\Bitnami\wappstack-5.4.30-0\apache2\htdocs\BasicYii\framework\gii\generators\model\templates\mate\model.php:104)
Stack trace:
#0 C:\Bitnami\wappstack-5.4.30-0\apache2\htdocs\BasicYii\framework\gii\CCodeGenerator.php(162): ModelCode->prepare()
#1 C:\Bitnami\wappstack-5.4.30-0\apache2\htdocs\BasicYii\framework\gii\CCodeGenerator.php(102): ModelGenerator->prepare()
#2 C:\Bitnami\wappstack-5.4.30-0\apache2\htdocs\BasicYii\framework\web\actions\CInlineAction.php(49): ModelGenerator->actionDiff()
#3 C:\Bitnami\wappstack-5.4.30-0\apache2\htdocs\BasicYii\framework\web\CController.php(308): CInlineAction->runWithParams()
#4 C:\Bitnami\wappstack-5.4.30-0\apache2\htdocs\BasicYii\framework\web\CController.php(286): ModelGenerator->runAction()
#5 C:\Bitnami\wappstack-5.4.30-0\apache2\htdocs\BasicYii\framework\web\CController.php(265): ModelGenerator->runActionWithFilters()
#6 C:\Bitnami\wappstack-5.4.30-0\apache2\htdocs\BasicYii\framework\web\CWebApplication.php(282): ModelGenerator->run()
#7 C:\Bitnami\wappstack-5.4.30-0\apache2\htdocs\BasicYii\framework\web\CWebApplication.php(141): CWebApplication->runController()
#8 C:\Bitnami\wappstack-5.4.30-0\apache2\htdocs\BasicYii\framework\base\CApplication.php(180): CWebApplication->processRequest()
#9 C:\Bitnami\wappstack-5.4.30-0\apache2\htdocs\BasicYii\application\index.php(13): CWebApplication->run()
REQUEST_URI=/BasicYii/application/index.php/gii/model/diff/id/0
in C:\Bitnami\wappstack-5.4.30-0\apache2\htdocs\BasicYii\application\index.php (13)
2014/07/19 01:05:09 [error] [exception.CHttpException.400] exception 'CHttpException' with message 'Your request is invalid.' in C:\Bitnami\wappstack-5.4.30-0\apache2\htdocs\BasicYii\framework\web\CController.php:336
Stack trace:
#0 C:\Bitnami\wappstack-5.4.30-0\apache2\htdocs\BasicYii\framework\web\CController.php(309): CController->invalidActionParams(Object(CInlineAction))
#1 C:\Bitnami\wappstack-5.4.30-0\apache2\htdocs\BasicYii\framework\web\CController.php(286): CController->runAction(Object(CInlineAction))
#2 C:\Bitnami\wappstack-5.4.30-0\apache2\htdocs\BasicYii\framework\web\CController.php(265): CController->runActionWithFilters(Object(CInlineAction), Array)
#3 C:\Bitnami\wappstack-5.4.30-0\apache2\htdocs\BasicYii\framework\web\CWebApplication.php(282): CController->run('update')
#4 C:\Bitnami\wappstack-5.4.30-0\apache2\htdocs\BasicYii\framework\web\CWebApplication.php(141): CWebApplication->runController('users/update')
#5 C:\Bitnami\wappstack-5.4.30-0\apache2\htdocs\BasicYii\framework\base\CApplication.php(180): CWebApplication->processRequest()
#6 C:\Bitnami\wappstack-5.4.30-0\apache2\htdocs\BasicYii\application\index.php(13): CApplication->run()
#7 {main}
REQUEST_URI=/BasicYii/application/index.php?r=users/update
---
2014/07/19 01:19:13 [error] [php] include(UserType.php): failed to open stream: No such file or directory (C:\Bitnami\wappstack-5.4.30-0\apache2\htdocs\BasicYii\framework\YiiBase.php:427)
Stack trace:
#0 C:\Bitnami\wappstack-5.4.30-0\apache2\htdocs\BasicYii\framework\db\ar\CActiveRecord.php(395): spl_autoload_call()
#1 C:\Bitnami\wappstack-5.4.30-0\apache2\htdocs\BasicYii\framework\db\ar\CActiveFinder.php(182): model()
#2 C:\Bitnami\wappstack-5.4.30-0\apache2\htdocs\BasicYii\framework\db\ar\CActiveFinder.php(230): CActiveFinder->getModel()
#3 C:\Bitnami\wappstack-5.4.30-0\apache2\htdocs\BasicYii\framework\db\ar\CActiveFinder.php(48): CActiveFinder->buildJoinTree()
#4 C:\Bitnami\wappstack-5.4.30-0\apache2\htdocs\BasicYii\framework\db\ar\CActiveRecord.php(909): CActiveFinder->__construct()
#5 C:\Bitnami\wappstack-5.4.30-0\apache2\htdocs\BasicYii\framework\db\ar\CActiveRecord.php(280): Users->getActiveFinder()
#6 C:\Bitnami\wappstack-5.4.30-0\apache2\htdocs\BasicYii\framework\db\ar\CActiveRecord.php(143): Users->getRelated()
#7 C:\Bitnami\wappstack-5.4.30-0\apache2\htdocs\BasicYii\application\protected\views\users\view.php(58): Users->__get()
#8 C:\Bitnami\wappstack-5.4.30-0\apache2\htdocs\BasicYii\framework\web\CBaseController.php(126): require()
#9 C:\Bitnami\wappstack-5.4.30-0\apache2\htdocs\BasicYii\framework\web\CBaseController.php(95): UsersController->renderInternal()
#10 C:\Bitnami\wappstack-5.4.30-0\apache2\htdocs\BasicYii\framework\web\CController.php(869): UsersController->renderFile()
#11 C:\Bitnami\wappstack-5.4.30-0\apache2\htdocs\BasicYii\framework\web\CController.php(782): UsersController->renderPartial()
#12 C:\Bitnami\wappstack-5.4.30-0\apache2\htdocs\BasicYii\application\protected\controllers\UsersController.php(55): UsersController->render()
#13 unknown(0): UsersController->actionView()
#14 C:\Bitnami\wappstack-5.4.30-0\apache2\htdocs\BasicYii\framework\web\actions\CAction.php(108): ReflectionMethod->invokeArgs()
#15 C:\Bitnami\wappstack-5.4.30-0\apache2\htdocs\BasicYii\framework\web\actions\CInlineAction.php(47): CInlineAction->runWithParamsInternal()
#16 C:\Bitnami\wappstack-5.4.30-0\apache2\htdocs\BasicYii\framework\web\CController.php(308): CInlineAction->runWithParams()
#17 C:\Bitnami\wappstack-5.4.30-0\apache2\htdocs\BasicYii\framework\web\CController.php(286): UsersController->runAction()
#18 C:\Bitnami\wappstack-5.4.30-0\apache2\htdocs\BasicYii\framework\web\CController.php(265): UsersController->runActionWithFilters()
#19 C:\Bitnami\wappstack-5.4.30-0\apache2\htdocs\BasicYii\framework\web\CWebApplication.php(282): UsersController->run()
#20 C:\Bitnami\wappstack-5.4.30-0\apache2\htdocs\BasicYii\framework\web\CWebApplication.php(141): CWebApplication->runController()
#21 C:\Bitnami\wappstack-5.4.30-0\apache2\htdocs\BasicYii\framework\base\CApplication.php(180): CWebApplication->processRequest()
#22 C:\Bitnami\wappstack-5.4.30-0\apache2\htdocs\BasicYii\application\index.php(13): CWebApplication->run()
REQUEST_URI=/BasicYii/application/index.php/users/view/19
in C:\Bitnami\wappstack-5.4.30-0\apache2\htdocs\BasicYii\application\protected\views\users\view.php (58)
in C:\Bitnami\wappstack-5.4.30-0\apache2\htdocs\BasicYii\application\protected\controllers\UsersController.php (55)
in C:\Bitnami\wappstack-5.4.30-0\apache2\htdocs\BasicYii\application\index.php (13)
2014/07/19 03:13:34 [error] [exception.CHttpException.404] exception 'CHttpException' with message 'A rendszer nem találja a "users" action-t.' in C:\Bitnami\wappstack-5.4.30-0\apache2\htdocs\BasicYii\framework\web\CController.php:483
Stack trace:
#0 C:\Bitnami\wappstack-5.4.30-0\apache2\htdocs\BasicYii\framework\web\CController.php(270): CController->missingAction('users')
#1 C:\Bitnami\wappstack-5.4.30-0\apache2\htdocs\BasicYii\framework\web\CWebApplication.php(282): CController->run('users')
#2 C:\Bitnami\wappstack-5.4.30-0\apache2\htdocs\BasicYii\framework\web\CWebApplication.php(141): CWebApplication->runController('gii/bootstrap/u...')
#3 C:\Bitnami\wappstack-5.4.30-0\apache2\htdocs\BasicYii\framework\base\CApplication.php(180): CWebApplication->processRequest()
#4 C:\Bitnami\wappstack-5.4.30-0\apache2\htdocs\BasicYii\application\index.php(13): CApplication->run()
#5 {main}
REQUEST_URI=/BasicYii/application/index.php/gii/bootstrap/users
---
2014/07/19 03:13:52 [error] [exception.CException] exception 'CException' with message 'BootstrapCode and its behaviors do not have a method or closure named "generateActiveRow".' in C:\Bitnami\wappstack-5.4.30-0\apache2\htdocs\BasicYii\framework\base\CComponent.php:266
Stack trace:
#0 C:\Bitnami\wappstack-5.4.30-0\apache2\htdocs\BasicYii\application\protected\extensions\bootstrap\gii\bootstrap\templates\mate\_form.php(30): CComponent->__call('generateActiveR...', Array)
#1 C:\Bitnami\wappstack-5.4.30-0\apache2\htdocs\BasicYii\application\protected\extensions\bootstrap\gii\bootstrap\templates\mate\_form.php(30): BootstrapCode->generateActiveRow('Users', Object(CPgsqlColumnSchema))
#2 C:\Bitnami\wappstack-5.4.30-0\apache2\htdocs\BasicYii\framework\gii\CCodeModel.php(321): require('C:\\Bitnami\\wapp...')
#3 C:\Bitnami\wappstack-5.4.30-0\apache2\htdocs\BasicYii\framework\gii\generators\crud\CrudCode.php(97): CCodeModel->render('C:\\Bitnami\\wapp...')
#4 C:\Bitnami\wappstack-5.4.30-0\apache2\htdocs\BasicYii\framework\gii\CCodeGenerator.php(162): CrudCode->prepare()
#5 C:\Bitnami\wappstack-5.4.30-0\apache2\htdocs\BasicYii\framework\gii\CCodeGenerator.php(63): CCodeGenerator->prepare()
#6 C:\Bitnami\wappstack-5.4.30-0\apache2\htdocs\BasicYii\framework\web\actions\CInlineAction.php(49): CCodeGenerator->actionIndex()
#7 C:\Bitnami\wappstack-5.4.30-0\apache2\htdocs\BasicYii\framework\web\CController.php(308): CInlineAction->runWithParams(Array)
#8 C:\Bitnami\wappstack-5.4.30-0\apache2\htdocs\BasicYii\framework\web\CController.php(286): CController->runAction(Object(CInlineAction))
#9 C:\Bitnami\wappstack-5.4.30-0\apache2\htdocs\BasicYii\framework\web\CController.php(265): CController->runActionWithFilters(Object(CInlineAction), Array)
#10 C:\Bitnami\wappstack-5.4.30-0\apache2\htdocs\BasicYii\framework\web\CWebApplication.php(282): CController->run('')
#11 C:\Bitnami\wappstack-5.4.30-0\apache2\htdocs\BasicYii\framework\web\CWebApplication.php(141): CWebApplication->runController('gii/bootstrap')
#12 C:\Bitnami\wappstack-5.4.30-0\apache2\htdocs\BasicYii\framework\base\CApplication.php(180): CWebApplication->processRequest()
#13 C:\Bitnami\wappstack-5.4.30-0\apache2\htdocs\BasicYii\application\index.php(13): CApplication->run()
#14 {main}
REQUEST_URI=/BasicYii/application/index.php/gii/bootstrap/
HTTP_REFERER=http://localhost/BasicYii/application/index.php/gii/bootstrap/
---
2014/07/19 04:50:46 [error] [exception.CException] exception 'CException' with message 'A tulajdonság "BootstrapCode.tableName" nincs definiálva.' in C:\Bitnami\wappstack-5.4.30-0\apache2\htdocs\BasicYii\framework\base\CComponent.php:130
Stack trace:
#0 C:\Bitnami\wappstack-5.4.30-0\apache2\htdocs\BasicYii\application\protected\extensions\bootstrap\gii\bootstrap\templates\default_new\controller.php(74): CComponent->__get('tableName')
#1 C:\Bitnami\wappstack-5.4.30-0\apache2\htdocs\BasicYii\framework\gii\CCodeModel.php(321): require('C:\\Bitnami\\wapp...')
#2 C:\Bitnami\wappstack-5.4.30-0\apache2\htdocs\BasicYii\framework\gii\generators\crud\CrudCode.php(87): CCodeModel->render('C:\\Bitnami\\wapp...')
#3 C:\Bitnami\wappstack-5.4.30-0\apache2\htdocs\BasicYii\framework\gii\CCodeGenerator.php(162): CrudCode->prepare()
#4 C:\Bitnami\wappstack-5.4.30-0\apache2\htdocs\BasicYii\framework\gii\CCodeGenerator.php(63): CCodeGenerator->prepare()
#5 C:\Bitnami\wappstack-5.4.30-0\apache2\htdocs\BasicYii\framework\web\actions\CInlineAction.php(49): CCodeGenerator->actionIndex()
#6 C:\Bitnami\wappstack-5.4.30-0\apache2\htdocs\BasicYii\framework\web\CController.php(308): CInlineAction->runWithParams(Array)
#7 C:\Bitnami\wappstack-5.4.30-0\apache2\htdocs\BasicYii\framework\web\CController.php(286): CController->runAction(Object(CInlineAction))
#8 C:\Bitnami\wappstack-5.4.30-0\apache2\htdocs\BasicYii\framework\web\CController.php(265): CController->runActionWithFilters(Object(CInlineAction), Array)
#9 C:\Bitnami\wappstack-5.4.30-0\apache2\htdocs\BasicYii\framework\web\CWebApplication.php(282): CController->run('')
#10 C:\Bitnami\wappstack-5.4.30-0\apache2\htdocs\BasicYii\framework\web\CWebApplication.php(141): CWebApplication->runController('gii/bootstrap')
#11 C:\Bitnami\wappstack-5.4.30-0\apache2\htdocs\BasicYii\framework\base\CApplication.php(180): CWebApplication->processRequest()
#12 C:\Bitnami\wappstack-5.4.30-0\apache2\htdocs\BasicYii\application\index.php(13): CApplication->run()
#13 {main}
REQUEST_URI=/BasicYii/application/index.php/gii/bootstrap/
HTTP_REFERER=http://localhost/BasicYii/application/index.php/gii/bootstrap/
---
2014/07/19 04:54:26 [error] [exception.CException] exception 'CException' with message 'A tulajdonság "BootstrapCode.table" nincs definiálva.' in C:\Bitnami\wappstack-5.4.30-0\apache2\htdocs\BasicYii\framework\base\CComponent.php:130
Stack trace:
#0 C:\Bitnami\wappstack-5.4.30-0\apache2\htdocs\BasicYii\application\protected\extensions\bootstrap\gii\bootstrap\templates\default_new\controller.php(75): CComponent->__get('table')
#1 C:\Bitnami\wappstack-5.4.30-0\apache2\htdocs\BasicYii\framework\gii\CCodeModel.php(321): require('C:\\Bitnami\\wapp...')
#2 C:\Bitnami\wappstack-5.4.30-0\apache2\htdocs\BasicYii\framework\gii\generators\crud\CrudCode.php(87): CCodeModel->render('C:\\Bitnami\\wapp...')
#3 C:\Bitnami\wappstack-5.4.30-0\apache2\htdocs\BasicYii\framework\gii\CCodeGenerator.php(162): CrudCode->prepare()
#4 C:\Bitnami\wappstack-5.4.30-0\apache2\htdocs\BasicYii\framework\gii\CCodeGenerator.php(63): CCodeGenerator->prepare()
#5 C:\Bitnami\wappstack-5.4.30-0\apache2\htdocs\BasicYii\framework\web\actions\CInlineAction.php(49): CCodeGenerator->actionIndex()
#6 C:\Bitnami\wappstack-5.4.30-0\apache2\htdocs\BasicYii\framework\web\CController.php(308): CInlineAction->runWithParams(Array)
#7 C:\Bitnami\wappstack-5.4.30-0\apache2\htdocs\BasicYii\framework\web\CController.php(286): CController->runAction(Object(CInlineAction))
#8 C:\Bitnami\wappstack-5.4.30-0\apache2\htdocs\BasicYii\framework\web\CController.php(265): CController->runActionWithFilters(Object(CInlineAction), Array)
#9 C:\Bitnami\wappstack-5.4.30-0\apache2\htdocs\BasicYii\framework\web\CWebApplication.php(282): CController->run('')
#10 C:\Bitnami\wappstack-5.4.30-0\apache2\htdocs\BasicYii\framework\web\CWebApplication.php(141): CWebApplication->runController('gii/bootstrap')
#11 C:\Bitnami\wappstack-5.4.30-0\apache2\htdocs\BasicYii\framework\base\CApplication.php(180): CWebApplication->processRequest()
#12 C:\Bitnami\wappstack-5.4.30-0\apache2\htdocs\BasicYii\application\index.php(13): CApplication->run()
#13 {main}
REQUEST_URI=/BasicYii/application/index.php/gii/bootstrap/
HTTP_REFERER=http://localhost/BasicYii/application/index.php/gii/bootstrap/
---
2014/07/19 04:55:47 [error] [exception.CException] exception 'CException' with message 'A tulajdonság "BootstrapCode.table" nincs definiálva.' in C:\Bitnami\wappstack-5.4.30-0\apache2\htdocs\BasicYii\framework\base\CComponent.php:130
Stack trace:
#0 C:\Bitnami\wappstack-5.4.30-0\apache2\htdocs\BasicYii\application\protected\extensions\bootstrap\gii\bootstrap\templates\default_new\controller.php(76): CComponent->__get('table')
#1 C:\Bitnami\wappstack-5.4.30-0\apache2\htdocs\BasicYii\framework\gii\CCodeModel.php(321): require('C:\\Bitnami\\wapp...')
#2 C:\Bitnami\wappstack-5.4.30-0\apache2\htdocs\BasicYii\framework\gii\generators\crud\CrudCode.php(87): CCodeModel->render('C:\\Bitnami\\wapp...')
#3 C:\Bitnami\wappstack-5.4.30-0\apache2\htdocs\BasicYii\framework\gii\CCodeGenerator.php(162): CrudCode->prepare()
#4 C:\Bitnami\wappstack-5.4.30-0\apache2\htdocs\BasicYii\framework\gii\CCodeGenerator.php(63): CCodeGenerator->prepare()
#5 C:\Bitnami\wappstack-5.4.30-0\apache2\htdocs\BasicYii\framework\web\actions\CInlineAction.php(49): CCodeGenerator->actionIndex()
#6 C:\Bitnami\wappstack-5.4.30-0\apache2\htdocs\BasicYii\framework\web\CController.php(308): CInlineAction->runWithParams(Array)
#7 C:\Bitnami\wappstack-5.4.30-0\apache2\htdocs\BasicYii\framework\web\CController.php(286): CController->runAction(Object(CInlineAction))
#8 C:\Bitnami\wappstack-5.4.30-0\apache2\htdocs\BasicYii\framework\web\CController.php(265): CController->runActionWithFilters(Object(CInlineAction), Array)
#9 C:\Bitnami\wappstack-5.4.30-0\apache2\htdocs\BasicYii\framework\web\CWebApplication.php(282): CController->run('')
#10 C:\Bitnami\wappstack-5.4.30-0\apache2\htdocs\BasicYii\framework\web\CWebApplication.php(141): CWebApplication->runController('gii/bootstrap')
#11 C:\Bitnami\wappstack-5.4.30-0\apache2\htdocs\BasicYii\framework\base\CApplication.php(180): CWebApplication->processRequest()
#12 C:\Bitnami\wappstack-5.4.30-0\apache2\htdocs\BasicYii\application\index.php(13): CApplication->run()
#13 {main}
REQUEST_URI=/BasicYii/application/index.php/gii/bootstrap/
HTTP_REFERER=http://localhost/BasicYii/application/index.php/gii/bootstrap/
---
2014/07/19 04:56:41 [error] [exception.CException] exception 'CException' with message 'A tulajdonság "BootstrapCode.tableName" nincs definiálva.' in C:\Bitnami\wappstack-5.4.30-0\apache2\htdocs\BasicYii\framework\base\CComponent.php:130
Stack trace:
#0 C:\Bitnami\wappstack-5.4.30-0\apache2\htdocs\BasicYii\application\protected\extensions\bootstrap\gii\bootstrap\templates\default_new\controller.php(76): CComponent->__get('tableName')
#1 C:\Bitnami\wappstack-5.4.30-0\apache2\htdocs\BasicYii\framework\gii\CCodeModel.php(321): require('C:\\Bitnami\\wapp...')
#2 C:\Bitnami\wappstack-5.4.30-0\apache2\htdocs\BasicYii\framework\gii\generators\crud\CrudCode.php(87): CCodeModel->render('C:\\Bitnami\\wapp...')
#3 C:\Bitnami\wappstack-5.4.30-0\apache2\htdocs\BasicYii\framework\gii\CCodeGenerator.php(162): CrudCode->prepare()
#4 C:\Bitnami\wappstack-5.4.30-0\apache2\htdocs\BasicYii\framework\gii\CCodeGenerator.php(63): CCodeGenerator->prepare()
#5 C:\Bitnami\wappstack-5.4.30-0\apache2\htdocs\BasicYii\framework\web\actions\CInlineAction.php(49): CCodeGenerator->actionIndex()
#6 C:\Bitnami\wappstack-5.4.30-0\apache2\htdocs\BasicYii\framework\web\CController.php(308): CInlineAction->runWithParams(Array)
#7 C:\Bitnami\wappstack-5.4.30-0\apache2\htdocs\BasicYii\framework\web\CController.php(286): CController->runAction(Object(CInlineAction))
#8 C:\Bitnami\wappstack-5.4.30-0\apache2\htdocs\BasicYii\framework\web\CController.php(265): CController->runActionWithFilters(Object(CInlineAction), Array)
#9 C:\Bitnami\wappstack-5.4.30-0\apache2\htdocs\BasicYii\framework\web\CWebApplication.php(282): CController->run('')
#10 C:\Bitnami\wappstack-5.4.30-0\apache2\htdocs\BasicYii\framework\web\CWebApplication.php(141): CWebApplication->runController('gii/bootstrap')
#11 C:\Bitnami\wappstack-5.4.30-0\apache2\htdocs\BasicYii\framework\base\CApplication.php(180): CWebApplication->processRequest()
#12 C:\Bitnami\wappstack-5.4.30-0\apache2\htdocs\BasicYii\application\index.php(13): CApplication->run()
#13 {main}
REQUEST_URI=/BasicYii/application/index.php/gii/bootstrap/
HTTP_REFERER=http://localhost/BasicYii/application/index.php/gii/bootstrap/
---
2014/07/19 04:57:41 [error] [exception.CException] exception 'CException' with message 'A tulajdonság "BootstrapCode._table" nincs definiálva.' in C:\Bitnami\wappstack-5.4.30-0\apache2\htdocs\BasicYii\framework\base\CComponent.php:130
Stack trace:
#0 C:\Bitnami\wappstack-5.4.30-0\apache2\htdocs\BasicYii\application\protected\extensions\bootstrap\gii\bootstrap\templates\default_new\controller.php(76): CComponent->__get('_table')
#1 C:\Bitnami\wappstack-5.4.30-0\apache2\htdocs\BasicYii\framework\gii\CCodeModel.php(321): require('C:\\Bitnami\\wapp...')
#2 C:\Bitnami\wappstack-5.4.30-0\apache2\htdocs\BasicYii\framework\gii\generators\crud\CrudCode.php(87): CCodeModel->render('C:\\Bitnami\\wapp...')
#3 C:\Bitnami\wappstack-5.4.30-0\apache2\htdocs\BasicYii\framework\gii\CCodeGenerator.php(162): CrudCode->prepare()
#4 C:\Bitnami\wappstack-5.4.30-0\apache2\htdocs\BasicYii\framework\gii\CCodeGenerator.php(63): CCodeGenerator->prepare()
#5 C:\Bitnami\wappstack-5.4.30-0\apache2\htdocs\BasicYii\framework\web\actions\CInlineAction.php(49): CCodeGenerator->actionIndex()
#6 C:\Bitnami\wappstack-5.4.30-0\apache2\htdocs\BasicYii\framework\web\CController.php(308): CInlineAction->runWithParams(Array)
#7 C:\Bitnami\wappstack-5.4.30-0\apache2\htdocs\BasicYii\framework\web\CController.php(286): CController->runAction(Object(CInlineAction))
#8 C:\Bitnami\wappstack-5.4.30-0\apache2\htdocs\BasicYii\framework\web\CController.php(265): CController->runActionWithFilters(Object(CInlineAction), Array)
#9 C:\Bitnami\wappstack-5.4.30-0\apache2\htdocs\BasicYii\framework\web\CWebApplication.php(282): CController->run('')
#10 C:\Bitnami\wappstack-5.4.30-0\apache2\htdocs\BasicYii\framework\web\CWebApplication.php(141): CWebApplication->runController('gii/bootstrap')
#11 C:\Bitnami\wappstack-5.4.30-0\apache2\htdocs\BasicYii\framework\base\CApplication.php(180): CWebApplication->processRequest()
#12 C:\Bitnami\wappstack-5.4.30-0\apache2\htdocs\BasicYii\application\index.php(13): CApplication->run()
#13 {main}
REQUEST_URI=/BasicYii/application/index.php/gii/bootstrap/
HTTP_REFERER=http://localhost/BasicYii/application/index.php/gii/bootstrap/
---
2014/07/19 06:21:25 [error] [exception.CDbException] exception 'CDbException' with message 'A táblának "users" nincs username nevű oszlopa.' in C:\Bitnami\wappstack-5.4.30-0\apache2\htdocs\BasicYii\framework\db\schema\CDbCommandBuilder.php:694
Stack trace:
#0 C:\Bitnami\wappstack-5.4.30-0\apache2\htdocs\BasicYii\framework\db\ar\CActiveRecord.php(1518): CDbCommandBuilder->createColumnCriteria(Object(CPgsqlTableSchema), Array, '', Array, '"user".')
#1 C:\Bitnami\wappstack-5.4.30-0\apache2\htdocs\BasicYii\application\protected\modules\user\components\UserIdentity.php(27): CActiveRecord->findByAttributes(Array)
#2 C:\Bitnami\wappstack-5.4.30-0\apache2\htdocs\BasicYii\application\protected\models\LoginForm.php(52): UserIdentity->authenticate()
#3 C:\Bitnami\wappstack-5.4.30-0\apache2\htdocs\BasicYii\framework\validators\CInlineValidator.php(42): LoginForm->authenticate('password', Array)
#4 C:\Bitnami\wappstack-5.4.30-0\apache2\htdocs\BasicYii\framework\validators\CValidator.php(213): CInlineValidator->validateAttribute(Object(LoginForm), 'password')
#5 C:\Bitnami\wappstack-5.4.30-0\apache2\htdocs\BasicYii\framework\base\CModel.php(159): CValidator->validate(Object(LoginForm), NULL)
#6 C:\Bitnami\wappstack-5.4.30-0\apache2\htdocs\BasicYii\application\protected\controllers\SiteController.php(94): CModel->validate()
#7 C:\Bitnami\wappstack-5.4.30-0\apache2\htdocs\BasicYii\framework\web\actions\CInlineAction.php(49): SiteController->actionLogin()
#8 C:\Bitnami\wappstack-5.4.30-0\apache2\htdocs\BasicYii\framework\web\CController.php(308): CInlineAction->runWithParams(Array)
#9 C:\Bitnami\wappstack-5.4.30-0\apache2\htdocs\BasicYii\framework\web\CController.php(286): CController->runAction(Object(CInlineAction))
#10 C:\Bitnami\wappstack-5.4.30-0\apache2\htdocs\BasicYii\framework\web\CController.php(265): CController->runActionWithFilters(Object(CInlineAction), Array)
#11 C:\Bitnami\wappstack-5.4.30-0\apache2\htdocs\BasicYii\framework\web\CWebApplication.php(282): CController->run('login')
#12 C:\Bitnami\wappstack-5.4.30-0\apache2\htdocs\BasicYii\framework\web\CWebApplication.php(141): CWebApplication->runController('site/login')
#13 C:\Bitnami\wappstack-5.4.30-0\apache2\htdocs\BasicYii\framework\base\CApplication.php(180): CWebApplication->processRequest()
#14 C:\Bitnami\wappstack-5.4.30-0\apache2\htdocs\BasicYii\application\index.php(13): CApplication->run()
#15 {main}
REQUEST_URI=/BasicYii/application/index.php/site/login
HTTP_REFERER=http://localhost/BasicYii/application/index.php/site/login
---
2014/07/19 06:22:08 [error] [exception.CDbException] exception 'CDbException' with message 'A táblának "users" nincs username nevű oszlopa.' in C:\Bitnami\wappstack-5.4.30-0\apache2\htdocs\BasicYii\framework\db\schema\CDbCommandBuilder.php:694
Stack trace:
#0 C:\Bitnami\wappstack-5.4.30-0\apache2\htdocs\BasicYii\framework\db\ar\CActiveRecord.php(1518): CDbCommandBuilder->createColumnCriteria(Object(CPgsqlTableSchema), Array, '', Array, '"user".')
#1 C:\Bitnami\wappstack-5.4.30-0\apache2\htdocs\BasicYii\application\protected\modules\user\components\UserIdentity.php(27): CActiveRecord->findByAttributes(Array)
#2 C:\Bitnami\wappstack-5.4.30-0\apache2\htdocs\BasicYii\application\protected\models\LoginForm.php(52): UserIdentity->authenticate()
#3 C:\Bitnami\wappstack-5.4.30-0\apache2\htdocs\BasicYii\framework\validators\CInlineValidator.php(42): LoginForm->authenticate('password', Array)
#4 C:\Bitnami\wappstack-5.4.30-0\apache2\htdocs\BasicYii\framework\validators\CValidator.php(213): CInlineValidator->validateAttribute(Object(LoginForm), 'password')
#5 C:\Bitnami\wappstack-5.4.30-0\apache2\htdocs\BasicYii\framework\base\CModel.php(159): CValidator->validate(Object(LoginForm), NULL)
#6 C:\Bitnami\wappstack-5.4.30-0\apache2\htdocs\BasicYii\application\protected\controllers\SiteController.php(94): CModel->validate()
#7 C:\Bitnami\wappstack-5.4.30-0\apache2\htdocs\BasicYii\framework\web\actions\CInlineAction.php(49): SiteController->actionLogin()
#8 C:\Bitnami\wappstack-5.4.30-0\apache2\htdocs\BasicYii\framework\web\CController.php(308): CInlineAction->runWithParams(Array)
#9 C:\Bitnami\wappstack-5.4.30-0\apache2\htdocs\BasicYii\framework\web\CController.php(286): CController->runAction(Object(CInlineAction))
#10 C:\Bitnami\wappstack-5.4.30-0\apache2\htdocs\BasicYii\framework\web\CController.php(265): CController->runActionWithFilters(Object(CInlineAction), Array)
#11 C:\Bitnami\wappstack-5.4.30-0\apache2\htdocs\BasicYii\framework\web\CWebApplication.php(282): CController->run('login')
#12 C:\Bitnami\wappstack-5.4.30-0\apache2\htdocs\BasicYii\framework\web\CWebApplication.php(141): CWebApplication->runController('site/login')
#13 C:\Bitnami\wappstack-5.4.30-0\apache2\htdocs\BasicYii\framework\base\CApplication.php(180): CWebApplication->processRequest()
#14 C:\Bitnami\wappstack-5.4.30-0\apache2\htdocs\BasicYii\application\index.php(13): CApplication->run()
#15 {main}
REQUEST_URI=/BasicYii/application/index.php/site/login
HTTP_REFERER=http://localhost/BasicYii/application/index.php/site/login
---
2014/07/19 06:23:43 [error] [exception.CDbException] exception 'CDbException' with message 'A táblának "users" nincs username nevű oszlopa.' in C:\Bitnami\wappstack-5.4.30-0\apache2\htdocs\BasicYii\framework\db\schema\CDbCommandBuilder.php:694
Stack trace:
#0 C:\Bitnami\wappstack-5.4.30-0\apache2\htdocs\BasicYii\framework\db\ar\CActiveRecord.php(1518): CDbCommandBuilder->createColumnCriteria(Object(CPgsqlTableSchema), Array, '', Array, '"user".')
#1 C:\Bitnami\wappstack-5.4.30-0\apache2\htdocs\BasicYii\application\protected\modules\user\components\UserIdentity.php(27): CActiveRecord->findByAttributes(Array)
#2 C:\Bitnami\wappstack-5.4.30-0\apache2\htdocs\BasicYii\application\protected\models\LoginForm.php(52): UserIdentity->authenticate()
#3 C:\Bitnami\wappstack-5.4.30-0\apache2\htdocs\BasicYii\framework\validators\CInlineValidator.php(42): LoginForm->authenticate('password', Array)
#4 C:\Bitnami\wappstack-5.4.30-0\apache2\htdocs\BasicYii\framework\validators\CValidator.php(213): CInlineValidator->validateAttribute(Object(LoginForm), 'password')
#5 C:\Bitnami\wappstack-5.4.30-0\apache2\htdocs\BasicYii\framework\base\CModel.php(159): CValidator->validate(Object(LoginForm), NULL)
#6 C:\Bitnami\wappstack-5.4.30-0\apache2\htdocs\BasicYii\application\protected\controllers\SiteController.php(94): CModel->validate()
#7 C:\Bitnami\wappstack-5.4.30-0\apache2\htdocs\BasicYii\framework\web\actions\CInlineAction.php(49): SiteController->actionLogin()
#8 C:\Bitnami\wappstack-5.4.30-0\apache2\htdocs\BasicYii\framework\web\CController.php(308): CInlineAction->runWithParams(Array)
#9 C:\Bitnami\wappstack-5.4.30-0\apache2\htdocs\BasicYii\framework\web\CController.php(286): CController->runAction(Object(CInlineAction))
#10 C:\Bitnami\wappstack-5.4.30-0\apache2\htdocs\BasicYii\framework\web\CController.php(265): CController->runActionWithFilters(Object(CInlineAction), Array)
#11 C:\Bitnami\wappstack-5.4.30-0\apache2\htdocs\BasicYii\framework\web\CWebApplication.php(282): CController->run('login')
#12 C:\Bitnami\wappstack-5.4.30-0\apache2\htdocs\BasicYii\framework\web\CWebApplication.php(141): CWebApplication->runController('site/login')
#13 C:\Bitnami\wappstack-5.4.30-0\apache2\htdocs\BasicYii\framework\base\CApplication.php(180): CWebApplication->processRequest()
#14 C:\Bitnami\wappstack-5.4.30-0\apache2\htdocs\BasicYii\application\index.php(13): CApplication->run()
#15 {main}
REQUEST_URI=/BasicYii/application/index.php/site/login
HTTP_REFERER=http://localhost/BasicYii/application/index.php/site/login
---
2014/07/19 06:24:25 [error] [exception.CDbException] exception 'CDbException' with message 'A táblának "users" nincs username nevű oszlopa.' in C:\Bitnami\wappstack-5.4.30-0\apache2\htdocs\BasicYii\framework\db\schema\CDbCommandBuilder.php:694
Stack trace:
#0 C:\Bitnami\wappstack-5.4.30-0\apache2\htdocs\BasicYii\framework\db\ar\CActiveRecord.php(1518): CDbCommandBuilder->createColumnCriteria(Object(CPgsqlTableSchema), Array, '', Array, '"user".')
#1 C:\Bitnami\wappstack-5.4.30-0\apache2\htdocs\BasicYii\application\protected\modules\user\components\UserIdentity.php(27): CActiveRecord->findByAttributes(Array)
#2 C:\Bitnami\wappstack-5.4.30-0\apache2\htdocs\BasicYii\application\protected\models\LoginForm.php(52): UserIdentity->authenticate()
#3 C:\Bitnami\wappstack-5.4.30-0\apache2\htdocs\BasicYii\framework\validators\CInlineValidator.php(42): LoginForm->authenticate('password', Array)
#4 C:\Bitnami\wappstack-5.4.30-0\apache2\htdocs\BasicYii\framework\validators\CValidator.php(213): CInlineValidator->validateAttribute(Object(LoginForm), 'password')
#5 C:\Bitnami\wappstack-5.4.30-0\apache2\htdocs\BasicYii\framework\base\CModel.php(159): CValidator->validate(Object(LoginForm), NULL)
#6 C:\Bitnami\wappstack-5.4.30-0\apache2\htdocs\BasicYii\application\protected\controllers\SiteController.php(94): CModel->validate()
#7 C:\Bitnami\wappstack-5.4.30-0\apache2\htdocs\BasicYii\framework\web\actions\CInlineAction.php(49): SiteController->actionLogin()
#8 C:\Bitnami\wappstack-5.4.30-0\apache2\htdocs\BasicYii\framework\web\CController.php(308): CInlineAction->runWithParams(Array)
#9 C:\Bitnami\wappstack-5.4.30-0\apache2\htdocs\BasicYii\framework\web\CController.php(286): CController->runAction(Object(CInlineAction))
#10 C:\Bitnami\wappstack-5.4.30-0\apache2\htdocs\BasicYii\framework\web\CController.php(265): CController->runActionWithFilters(Object(CInlineAction), Array)
#11 C:\Bitnami\wappstack-5.4.30-0\apache2\htdocs\BasicYii\framework\web\CWebApplication.php(282): CController->run('login')
#12 C:\Bitnami\wappstack-5.4.30-0\apache2\htdocs\BasicYii\framework\web\CWebApplication.php(141): CWebApplication->runController('site/login')
#13 C:\Bitnami\wappstack-5.4.30-0\apache2\htdocs\BasicYii\framework\base\CApplication.php(180): CWebApplication->processRequest()
#14 C:\Bitnami\wappstack-5.4.30-0\apache2\htdocs\BasicYii\application\index.php(13): CApplication->run()
#15 {main}
REQUEST_URI=/BasicYii/application/index.php/site/login
HTTP_REFERER=http://localhost/BasicYii/application/index.php/site/login
---
2014/07/19 06:26:40 [error] [system.db.CDbCommand] CDbCommand::fetchColumn() failed: SQLSTATE[42P01]: Undefined table: 7 ERROR:  relation "rights" does not exist
LINE 1: SELECT COUNT(*) FROM Rights
                             ^. The SQL statement executed was: SELECT COUNT(*) FROM Rights.
in C:\Bitnami\wappstack-5.4.30-0\apache2\htdocs\BasicYii\application\protected\modules\rights\components\RInstaller.php (180)
in C:\Bitnami\wappstack-5.4.30-0\apache2\htdocs\BasicYii\application\protected\modules\rights\controllers\InstallController.php (43)
in C:\Bitnami\wappstack-5.4.30-0\apache2\htdocs\BasicYii\application\index.php (13)
2014/07/19 06:26:51 [error] [exception.CDbException] exception 'CDbException' with message 'A táblának "users" nincs username nevű oszlopa.' in C:\Bitnami\wappstack-5.4.30-0\apache2\htdocs\BasicYii\framework\db\schema\CDbCommandBuilder.php:694
Stack trace:
#0 C:\Bitnami\wappstack-5.4.30-0\apache2\htdocs\BasicYii\framework\db\ar\CActiveRecord.php(1518): CDbCommandBuilder->createColumnCriteria(Object(CPgsqlTableSchema), Array, '', Array, '"user".')
#1 C:\Bitnami\wappstack-5.4.30-0\apache2\htdocs\BasicYii\application\protected\modules\user\components\UserIdentity.php(27): CActiveRecord->findByAttributes(Array)
#2 C:\Bitnami\wappstack-5.4.30-0\apache2\htdocs\BasicYii\application\protected\modules\user\models\UserLogin.php(52): UserIdentity->authenticate()
#3 C:\Bitnami\wappstack-5.4.30-0\apache2\htdocs\BasicYii\framework\validators\CInlineValidator.php(42): UserLogin->authenticate('password', Array)
#4 C:\Bitnami\wappstack-5.4.30-0\apache2\htdocs\BasicYii\framework\validators\CValidator.php(213): CInlineValidator->validateAttribute(Object(UserLogin), 'password')
#5 C:\Bitnami\wappstack-5.4.30-0\apache2\htdocs\BasicYii\framework\base\CModel.php(159): CValidator->validate(Object(UserLogin), NULL)
#6 C:\Bitnami\wappstack-5.4.30-0\apache2\htdocs\BasicYii\application\protected\modules\user\controllers\LoginController.php(19): CModel->validate()
#7 C:\Bitnami\wappstack-5.4.30-0\apache2\htdocs\BasicYii\framework\web\actions\CInlineAction.php(49): LoginController->actionLogin()
#8 C:\Bitnami\wappstack-5.4.30-0\apache2\htdocs\BasicYii\framework\web\CController.php(308): CInlineAction->runWithParams(Array)
#9 C:\Bitnami\wappstack-5.4.30-0\apache2\htdocs\BasicYii\framework\web\CController.php(286): CController->runAction(Object(CInlineAction))
#10 C:\Bitnami\wappstack-5.4.30-0\apache2\htdocs\BasicYii\framework\web\CController.php(265): CController->runActionWithFilters(Object(CInlineAction), Array)
#11 C:\Bitnami\wappstack-5.4.30-0\apache2\htdocs\BasicYii\framework\web\CWebApplication.php(282): CController->run('')
#12 C:\Bitnami\wappstack-5.4.30-0\apache2\htdocs\BasicYii\framework\web\CWebApplication.php(141): CWebApplication->runController('user/login')
#13 C:\Bitnami\wappstack-5.4.30-0\apache2\htdocs\BasicYii\framework\base\CApplication.php(180): CWebApplication->processRequest()
#14 C:\Bitnami\wappstack-5.4.30-0\apache2\htdocs\BasicYii\application\index.php(13): CApplication->run()
#15 {main}
REQUEST_URI=/BasicYii/application/index.php/user/login
HTTP_REFERER=http://localhost/BasicYii/application/index.php/user/login
---
2014/07/19 06:29:06 [error] [exception.CDbException] exception 'CDbException' with message 'A táblának "users" nincs username nevű oszlopa.' in C:\Bitnami\wappstack-5.4.30-0\apache2\htdocs\BasicYii\framework\db\schema\CDbCommandBuilder.php:694
Stack trace:
#0 C:\Bitnami\wappstack-5.4.30-0\apache2\htdocs\BasicYii\framework\db\ar\CActiveRecord.php(1518): CDbCommandBuilder->createColumnCriteria(Object(CPgsqlTableSchema), Array, '', Array, '"user".')
#1 C:\Bitnami\wappstack-5.4.30-0\apache2\htdocs\BasicYii\application\protected\modules\user\components\UserIdentity.php(27): CActiveRecord->findByAttributes(Array)
#2 C:\Bitnami\wappstack-5.4.30-0\apache2\htdocs\BasicYii\application\protected\models\LoginForm.php(52): UserIdentity->authenticate()
#3 C:\Bitnami\wappstack-5.4.30-0\apache2\htdocs\BasicYii\framework\validators\CInlineValidator.php(42): LoginForm->authenticate('password', Array)
#4 C:\Bitnami\wappstack-5.4.30-0\apache2\htdocs\BasicYii\framework\validators\CValidator.php(213): CInlineValidator->validateAttribute(Object(LoginForm), 'password')
#5 C:\Bitnami\wappstack-5.4.30-0\apache2\htdocs\BasicYii\framework\base\CModel.php(159): CValidator->validate(Object(LoginForm), NULL)
#6 C:\Bitnami\wappstack-5.4.30-0\apache2\htdocs\BasicYii\application\protected\controllers\SiteController.php(94): CModel->validate()
#7 C:\Bitnami\wappstack-5.4.30-0\apache2\htdocs\BasicYii\framework\web\actions\CInlineAction.php(49): SiteController->actionLogin()
#8 C:\Bitnami\wappstack-5.4.30-0\apache2\htdocs\BasicYii\framework\web\CController.php(308): CInlineAction->runWithParams(Array)
#9 C:\Bitnami\wappstack-5.4.30-0\apache2\htdocs\BasicYii\framework\web\CController.php(286): CController->runAction(Object(CInlineAction))
#10 C:\Bitnami\wappstack-5.4.30-0\apache2\htdocs\BasicYii\framework\web\CController.php(265): CController->runActionWithFilters(Object(CInlineAction), Array)
#11 C:\Bitnami\wappstack-5.4.30-0\apache2\htdocs\BasicYii\framework\web\CWebApplication.php(282): CController->run('login')
#12 C:\Bitnami\wappstack-5.4.30-0\apache2\htdocs\BasicYii\framework\web\CWebApplication.php(141): CWebApplication->runController('site/login')
#13 C:\Bitnami\wappstack-5.4.30-0\apache2\htdocs\BasicYii\framework\base\CApplication.php(180): CWebApplication->processRequest()
#14 C:\Bitnami\wappstack-5.4.30-0\apache2\htdocs\BasicYii\application\index.php(13): CApplication->run()
#15 {main}
REQUEST_URI=/BasicYii/application/index.php/site/login
HTTP_REFERER=http://localhost/BasicYii/application/index.php/site/login
---
2014/07/19 06:30:03 [error] [exception.CDbException] exception 'CDbException' with message 'A(z) "User" aktív rekord megpróbált egy érvénytelen mezőt "user.lastvisit_at" kiválasztani. Az oszlopnak léteznie kell a táblában, vagy "álnévvel" ellátott kifejezésnek kell lennie.' in C:\Bitnami\wappstack-5.4.30-0\apache2\htdocs\BasicYii\framework\db\ar\CActiveFinder.php:960
Stack trace:
#0 C:\Bitnami\wappstack-5.4.30-0\apache2\htdocs\BasicYii\framework\db\ar\CActiveFinder.php(1261): CJoinElement->getColumnSelect(Array)
#1 C:\Bitnami\wappstack-5.4.30-0\apache2\htdocs\BasicYii\framework\db\ar\CActiveFinder.php(433): CJoinQuery->__construct(Object(CJoinElement), Object(CDbCriteria))
#2 C:\Bitnami\wappstack-5.4.30-0\apache2\htdocs\BasicYii\framework\db\ar\CActiveFinder.php(68): CJoinElement->find(Object(CDbCriteria))
#3 C:\Bitnami\wappstack-5.4.30-0\apache2\htdocs\BasicYii\framework\db\ar\CActiveRecord.php(1356): CActiveFinder->query(Object(CDbCriteria), false)
#4 C:\Bitnami\wappstack-5.4.30-0\apache2\htdocs\BasicYii\framework\db\ar\CActiveRecord.php(1519): CActiveRecord->query(Object(CDbCriteria))
#5 C:\Bitnami\wappstack-5.4.30-0\apache2\htdocs\BasicYii\application\protected\modules\user\components\UserIdentity.php(27): CActiveRecord->findByAttributes(Array)
#6 C:\Bitnami\wappstack-5.4.30-0\apache2\htdocs\BasicYii\application\protected\models\LoginForm.php(52): UserIdentity->authenticate()
#7 C:\Bitnami\wappstack-5.4.30-0\apache2\htdocs\BasicYii\framework\validators\CInlineValidator.php(42): LoginForm->authenticate('password', Array)
#8 C:\Bitnami\wappstack-5.4.30-0\apache2\htdocs\BasicYii\framework\validators\CValidator.php(213): CInlineValidator->validateAttribute(Object(LoginForm), 'password')
#9 C:\Bitnami\wappstack-5.4.30-0\apache2\htdocs\BasicYii\framework\base\CModel.php(159): CValidator->validate(Object(LoginForm), NULL)
#10 C:\Bitnami\wappstack-5.4.30-0\apache2\htdocs\BasicYii\application\protected\controllers\SiteController.php(94): CModel->validate()
#11 C:\Bitnami\wappstack-5.4.30-0\apache2\htdocs\BasicYii\framework\web\actions\CInlineAction.php(49): SiteController->actionLogin()
#12 C:\Bitnami\wappstack-5.4.30-0\apache2\htdocs\BasicYii\framework\web\CController.php(308): CInlineAction->runWithParams(Array)
#13 C:\Bitnami\wappstack-5.4.30-0\apache2\htdocs\BasicYii\framework\web\CController.php(286): CController->runAction(Object(CInlineAction))
#14 C:\Bitnami\wappstack-5.4.30-0\apache2\htdocs\BasicYii\framework\web\CController.php(265): CController->runActionWithFilters(Object(CInlineAction), Array)
#15 C:\Bitnami\wappstack-5.4.30-0\apache2\htdocs\BasicYii\framework\web\CWebApplication.php(282): CController->run('login')
#16 C:\Bitnami\wappstack-5.4.30-0\apache2\htdocs\BasicYii\framework\web\CWebApplication.php(141): CWebApplication->runController('site/login')
#17 C:\Bitnami\wappstack-5.4.30-0\apache2\htdocs\BasicYii\framework\base\CApplication.php(180): CWebApplication->processRequest()
#18 C:\Bitnami\wappstack-5.4.30-0\apache2\htdocs\BasicYii\application\index.php(13): CApplication->run()
#19 {main}
REQUEST_URI=/BasicYii/application/index.php/site/login
HTTP_REFERER=http://localhost/BasicYii/application/index.php/site/login
---
2014/07/19 06:30:29 [error] [system.db.CDbCommand] CDbCommand::fetchAll() failed: SQLSTATE[42P01]: Undefined table: 7 ERROR:  relation "AuthAssignment" does not exist
LINE 2: FROM "AuthAssignment"
             ^. The SQL statement executed was: SELECT *
FROM "AuthAssignment"
WHERE userid=:userid.
in C:\Bitnami\wappstack-5.4.30-0\apache2\htdocs\BasicYii\application\protected\modules\rights\components\RAuthorizer.php (341)
in C:\Bitnami\wappstack-5.4.30-0\apache2\htdocs\BasicYii\application\protected\modules\rights\components\RWebUser.php (21)
in C:\Bitnami\wappstack-5.4.30-0\apache2\htdocs\BasicYii\application\protected\models\LoginForm.php (71)
2014/07/19 06:30:29 [error] [exception.CDbException] exception 'CDbException' with message 'CDbCommand hibába ütközött az SQL parancs végrehajtása közben: SQLSTATE[42P01]: Undefined table: 7 ERROR:  relation "AuthAssignment" does not exist
LINE 2: FROM "AuthAssignment"
             ^. The SQL statement executed was: SELECT *
FROM "AuthAssignment"
WHERE userid=:userid' in C:\Bitnami\wappstack-5.4.30-0\apache2\htdocs\BasicYii\framework\db\CDbCommand.php:543
Stack trace:
#0 C:\Bitnami\wappstack-5.4.30-0\apache2\htdocs\BasicYii\framework\db\CDbCommand.php(396): CDbCommand->queryInternal('fetchAll', Array, Array)
#1 C:\Bitnami\wappstack-5.4.30-0\apache2\htdocs\BasicYii\framework\web\auth\CDbAuthManager.php(337): CDbCommand->queryAll()
#2 C:\Bitnami\wappstack-5.4.30-0\apache2\htdocs\BasicYii\application\protected\modules\rights\components\RAuthorizer.php(341): CDbAuthManager->getAuthAssignments(1)
#3 C:\Bitnami\wappstack-5.4.30-0\apache2\htdocs\BasicYii\application\protected\modules\rights\components\RWebUser.php(21): RAuthorizer->isSuperuser(1)
#4 C:\Bitnami\wappstack-5.4.30-0\apache2\htdocs\BasicYii\framework\web\auth\CWebUser.php(246): RWebUser->afterLogin(false)
#5 C:\Bitnami\wappstack-5.4.30-0\apache2\htdocs\BasicYii\application\protected\models\LoginForm.php(71): CWebUser->login(Object(UserIdentity), 0)
#6 C:\Bitnami\wappstack-5.4.30-0\apache2\htdocs\BasicYii\application\protected\controllers\SiteController.php(94): LoginForm->login()
#7 C:\Bitnami\wappstack-5.4.30-0\apache2\htdocs\BasicYii\framework\web\actions\CInlineAction.php(49): SiteController->actionLogin()
#8 C:\Bitnami\wappstack-5.4.30-0\apache2\htdocs\BasicYii\framework\web\CController.php(308): CInlineAction->runWithParams(Array)
#9 C:\Bitnami\wappstack-5.4.30-0\apache2\htdocs\BasicYii\framework\web\CController.php(286): CController->runAction(Object(CInlineAction))
#10 C:\Bitnami\wappstack-5.4.30-0\apache2\htdocs\BasicYii\framework\web\CController.php(265): CController->runActionWithFilters(Object(CInlineAction), Array)
#11 C:\Bitnami\wappstack-5.4.30-0\apache2\htdocs\BasicYii\framework\web\CWebApplication.php(282): CController->run('login')
#12 C:\Bitnami\wappstack-5.4.30-0\apache2\htdocs\BasicYii\framework\web\CWebApplication.php(141): CWebApplication->runController('site/login')
#13 C:\Bitnami\wappstack-5.4.30-0\apache2\htdocs\BasicYii\framework\base\CApplication.php(180): CWebApplication->processRequest()
#14 C:\Bitnami\wappstack-5.4.30-0\apache2\htdocs\BasicYii\application\index.php(13): CApplication->run()
#15 {main}
REQUEST_URI=/BasicYii/application/index.php/site/login
HTTP_REFERER=http://localhost/BasicYii/application/index.php/site/login
---
2014/07/19 06:32:12 [error] [system.db.CDbCommand] CDbCommand::fetchColumn() failed: SQLSTATE[42P01]: Undefined table: 7 ERROR:  relation "authassignment" does not exist
LINE 1: SELECT COUNT(*) FROM AuthAssignment
                             ^. The SQL statement executed was: SELECT COUNT(*) FROM AuthAssignment.
in C:\Bitnami\wappstack-5.4.30-0\apache2\htdocs\BasicYii\application\protected\modules\rights\components\RInstaller.php (180)
in C:\Bitnami\wappstack-5.4.30-0\apache2\htdocs\BasicYii\application\protected\modules\rights\controllers\InstallController.php (43)
in C:\Bitnami\wappstack-5.4.30-0\apache2\htdocs\BasicYii\application\index.php (13)
2014/07/19 06:32:12 [error] [system.db.CDbCommand] CDbCommand::execute() failed: SQLSTATE[2BP01]: Dependent objects still exist: 7 ERROR:  cannot drop table authitem because other objects depend on it
DETAIL:  constraint authitemchild_parent_fkey on table authitemchild depends on table authitem
constraint authitemchild_child_fkey on table authitemchild depends on table authitem
constraint authassignment_itemname_fkey on table "AuthAssignment" depends on table authitem
constraint rights_itemname_fkey on table rights depends on table authitem
HINT:  Use DROP ... CASCADE to drop the dependent objects too.. The SQL statement executed was: drop table if exists AuthItem.
in C:\Bitnami\wappstack-5.4.30-0\apache2\htdocs\BasicYii\application\protected\modules\rights\components\RInstaller.php (105)
in C:\Bitnami\wappstack-5.4.30-0\apache2\htdocs\BasicYii\application\protected\modules\rights\controllers\InstallController.php (90)
in C:\Bitnami\wappstack-5.4.30-0\apache2\htdocs\BasicYii\application\index.php (13)
2014/07/19 06:32:12 [error] [system.db.CDbCommand] CDbCommand::fetchColumn() failed: SQLSTATE[42P01]: Undefined table: 7 ERROR:  relation "authassignment" does not exist
LINE 1: SELECT COUNT(*) FROM AuthAssignment
                             ^. The SQL statement executed was: SELECT COUNT(*) FROM AuthAssignment.
in C:\Bitnami\wappstack-5.4.30-0\apache2\htdocs\BasicYii\application\protected\modules\rights\components\RInstaller.php (180)
in C:\Bitnami\wappstack-5.4.30-0\apache2\htdocs\BasicYii\application\protected\modules\rights\controllers\InstallController.php (43)
in C:\Bitnami\wappstack-5.4.30-0\apache2\htdocs\BasicYii\application\index.php (13)
2014/07/19 06:33:12 [error] [exception.CHttpException.403] exception 'CHttpException' with message 'There must be at least one superuser!' in C:\Bitnami\wappstack-5.4.30-0\apache2\htdocs\BasicYii\application\protected\modules\rights\components\RAuthorizer.php:305
Stack trace:
#0 C:\Bitnami\wappstack-5.4.30-0\apache2\htdocs\BasicYii\application\protected\modules\rights\controllers\InstallController.php(61): RAuthorizer->getSuperusers()
#1 C:\Bitnami\wappstack-5.4.30-0\apache2\htdocs\BasicYii\framework\web\CController.php(1144): InstallController->accessRules()
#2 C:\Bitnami\wappstack-5.4.30-0\apache2\htdocs\BasicYii\framework\web\filters\CInlineFilter.php(58): CController->filterAccessControl(Object(CFilterChain))
#3 C:\Bitnami\wappstack-5.4.30-0\apache2\htdocs\BasicYii\framework\web\filters\CFilterChain.php(130): CInlineFilter->filter(Object(CFilterChain))
#4 C:\Bitnami\wappstack-5.4.30-0\apache2\htdocs\BasicYii\framework\web\CController.php(291): CFilterChain->run()
#5 C:\Bitnami\wappstack-5.4.30-0\apache2\htdocs\BasicYii\framework\web\CController.php(265): CController->runActionWithFilters(Object(CInlineAction), Array)
#6 C:\Bitnami\wappstack-5.4.30-0\apache2\htdocs\BasicYii\framework\web\CWebApplication.php(282): CController->run('error')
#7 C:\Bitnami\wappstack-5.4.30-0\apache2\htdocs\BasicYii\framework\web\CWebApplication.php(141): CWebApplication->runController('rights/install/...')
#8 C:\Bitnami\wappstack-5.4.30-0\apache2\htdocs\BasicYii\framework\base\CApplication.php(180): CWebApplication->processRequest()
#9 C:\Bitnami\wappstack-5.4.30-0\apache2\htdocs\BasicYii\application\index.php(13): CApplication->run()
#10 {main}
REQUEST_URI=/BasicYii/application/index.php/rights/install/error
---
2014/07/19 06:33:23 [error] [system.db.CDbCommand] CDbCommand::fetchAll() failed: SQLSTATE[42P01]: Undefined table: 7 ERROR:  relation "AuthAssignment" does not exist
LINE 2: FROM "AuthAssignment"
             ^. The SQL statement executed was: SELECT *
FROM "AuthAssignment"
WHERE userid=:userid.
in C:\Bitnami\wappstack-5.4.30-0\apache2\htdocs\BasicYii\application\protected\modules\rights\components\RAuthorizer.php (341)
in C:\Bitnami\wappstack-5.4.30-0\apache2\htdocs\BasicYii\application\protected\modules\rights\components\RWebUser.php (21)
in C:\Bitnami\wappstack-5.4.30-0\apache2\htdocs\BasicYii\application\protected\models\LoginForm.php (71)
2014/07/19 06:33:23 [error] [exception.CDbException] exception 'CDbException' with message 'CDbCommand hibába ütközött az SQL parancs végrehajtása közben: SQLSTATE[42P01]: Undefined table: 7 ERROR:  relation "AuthAssignment" does not exist
LINE 2: FROM "AuthAssignment"
             ^. The SQL statement executed was: SELECT *
FROM "AuthAssignment"
WHERE userid=:userid' in C:\Bitnami\wappstack-5.4.30-0\apache2\htdocs\BasicYii\framework\db\CDbCommand.php:543
Stack trace:
#0 C:\Bitnami\wappstack-5.4.30-0\apache2\htdocs\BasicYii\framework\db\CDbCommand.php(396): CDbCommand->queryInternal('fetchAll', Array, Array)
#1 C:\Bitnami\wappstack-5.4.30-0\apache2\htdocs\BasicYii\framework\web\auth\CDbAuthManager.php(337): CDbCommand->queryAll()
#2 C:\Bitnami\wappstack-5.4.30-0\apache2\htdocs\BasicYii\application\protected\modules\rights\components\RAuthorizer.php(341): CDbAuthManager->getAuthAssignments(1)
#3 C:\Bitnami\wappstack-5.4.30-0\apache2\htdocs\BasicYii\application\protected\modules\rights\components\RWebUser.php(21): RAuthorizer->isSuperuser(1)
#4 C:\Bitnami\wappstack-5.4.30-0\apache2\htdocs\BasicYii\framework\web\auth\CWebUser.php(246): RWebUser->afterLogin(false)
#5 C:\Bitnami\wappstack-5.4.30-0\apache2\htdocs\BasicYii\application\protected\models\LoginForm.php(71): CWebUser->login(Object(UserIdentity), 0)
#6 C:\Bitnami\wappstack-5.4.30-0\apache2\htdocs\BasicYii\application\protected\controllers\SiteController.php(94): LoginForm->login()
#7 C:\Bitnami\wappstack-5.4.30-0\apache2\htdocs\BasicYii\framework\web\actions\CInlineAction.php(49): SiteController->actionLogin()
#8 C:\Bitnami\wappstack-5.4.30-0\apache2\htdocs\BasicYii\framework\web\CController.php(308): CInlineAction->runWithParams(Array)
#9 C:\Bitnami\wappstack-5.4.30-0\apache2\htdocs\BasicYii\framework\web\CController.php(286): CController->runAction(Object(CInlineAction))
#10 C:\Bitnami\wappstack-5.4.30-0\apache2\htdocs\BasicYii\framework\web\CController.php(265): CController->runActionWithFilters(Object(CInlineAction), Array)
#11 C:\Bitnami\wappstack-5.4.30-0\apache2\htdocs\BasicYii\framework\web\CWebApplication.php(282): CController->run('login')
#12 C:\Bitnami\wappstack-5.4.30-0\apache2\htdocs\BasicYii\framework\web\CWebApplication.php(141): CWebApplication->runController('site/login')
#13 C:\Bitnami\wappstack-5.4.30-0\apache2\htdocs\BasicYii\framework\base\CApplication.php(180): CWebApplication->processRequest()
#14 C:\Bitnami\wappstack-5.4.30-0\apache2\htdocs\BasicYii\application\index.php(13): CApplication->run()
#15 {main}
REQUEST_URI=/BasicYii/application/index.php/site/login
HTTP_REFERER=http://localhost/BasicYii/application/index.php/site/login
---
2014/07/19 06:38:02 [error] [system.db.CDbCommand] CDbCommand::fetchColumn() failed: SQLSTATE[42P01]: Undefined table: 7 ERROR:  relation "authitem" does not exist
LINE 1: SELECT COUNT(*) FROM AuthItem
                             ^. The SQL statement executed was: SELECT COUNT(*) FROM AuthItem.
in C:\Bitnami\wappstack-5.4.30-0\apache2\htdocs\BasicYii\application\protected\modules\rights\components\RInstaller.php (180)
in C:\Bitnami\wappstack-5.4.30-0\apache2\htdocs\BasicYii\application\protected\modules\rights\controllers\InstallController.php (43)
in C:\Bitnami\wappstack-5.4.30-0\apache2\htdocs\BasicYii\application\index.php (13)
